<?xml version="1.0" encoding="UTF-8"?>
<!-- Generated by org.testng.reporters.JUnitXMLReporter -->
<testsuite hostname="yaokaideMacBook-Pro.local" ignored="0" name="Surefire test" tests="151" failures="1" timestamp="28 四月 2020 09:30:10 GMT" time="340.552" errors="0">
  <testcase name="get_promotion_list on get_promotion_list(com.tester.cases.DouyinTest)" time="4.561" classname="com.tester.cases.DouyinTest"/>
  <testcase name="video_comment on video_comment(com.tester.cases.Douyinv1Test)" time="0.3" classname="com.tester.cases.Douyinv1Test"/>
  <testcase name="user_info on user_info(com.tester.cases.Douyinv1Test)" time="0.587" classname="com.tester.cases.Douyinv1Test"/>
  <testcase name="user_goods on user_goods(com.tester.cases.Douyinv1Test)" time="1.797" classname="com.tester.cases.Douyinv1Test"/>
  <testcase name="user_video on user_video(com.tester.cases.Douyinv1Test)" time="2.212" classname="com.tester.cases.Douyinv1Test"/>
  <testcase name="get_user_following_list on get_user_following_list(com.tester.cases.DouyinLiteTest)" time="0.696" classname="com.tester.cases.DouyinLiteTest"/>
  <testcase name="crawlShopVenderId on crawlShopVenderId(com.tester.cases.JingDongTest)" time="1.008" classname="com.tester.cases.JingDongTest"/>
  <testcase name="crawlShopDetails on crawlShopDetails(com.tester.cases.JingDongTest)" time="1.93" classname="com.tester.cases.JingDongTest"/>
  <testcase name="crawlSkuPrices on crawlSkuPrices(com.tester.cases.JingDongTest)" time="3.167" classname="com.tester.cases.JingDongTest"/>
  <testcase name="crawlCommentsCounts on crawlCommentsCounts(com.tester.cases.JingDongTest)" time="6.188" classname="com.tester.cases.JingDongTest"/>
  <testcase name="crawlPageByBrandName on crawlPageByBrandName(com.tester.cases.JingDongTest)" time="10.123" classname="com.tester.cases.JingDongTest"/>
  <testcase name="crawlSkuCommentAndCount on crawlSkuCommentAndCount(com.tester.cases.JingDongTest)" time="11.675" classname="com.tester.cases.JingDongTest"/>
  <testcase name="crawlSkuComment on crawlSkuComment(com.tester.cases.JingDongTest)" time="13.295" classname="com.tester.cases.JingDongTest"/>
  <testcase name="crawlPageShopProducts on crawlPageShopProducts(com.tester.cases.JingDongTest)" time="18.178" classname="com.tester.cases.JingDongTest">
    <failure type="org.springframework.dao.RecoverableDataAccessException" message="
### Error updating database.  Cause: com.mysql.cj.jdbc.exceptions.CommunicationsException: Communications link failure

The last packet successfully received from the server was 982 milliseconds ago. The last packet sent successfully to the server was 1,030 milliseconds ago.
### The error may exist in com/tester/dao/TestResultDao.java (best guess)
### The error may involve com.tester.dao.TestResultDao.insertResult-Inline
### The error occurred while setting parameters
### SQL: INSERT INTO test_result(item,code, start_time,result,url,method,response) VALUES(?, ?, ?, ?,?,?,?)
### Cause: com.mysql.cj.jdbc.exceptions.CommunicationsException: Communications link failure

The last packet successfully received from the server was 982 milliseconds ago. The last packet sent successfully to the server was 1,030 milliseconds ago.
; Communications link failure

The last packet successfully received from the server was 982 milliseconds ago. The last packet sent successfully to the server was 1,030 milliseconds ago.; nested exception is com.mysql.cj.jdbc.exceptions.CommunicationsException: Communications link failure

The last packet successfully received from the server was 982 milliseconds ago. The last packet sent successfully to the server was 1,030 milliseconds ago.">
      <![CDATA[org.springframework.dao.RecoverableDataAccessException: 
### Error updating database.  Cause: com.mysql.cj.jdbc.exceptions.CommunicationsException: Communications link failure

The last packet successfully received from the server was 982 milliseconds ago. The last packet sent successfully to the server was 1,030 milliseconds ago.
### The error may exist in com/tester/dao/TestResultDao.java (best guess)
### The error may involve com.tester.dao.TestResultDao.insertResult-Inline
### The error occurred while setting parameters
### SQL: INSERT INTO test_result(item,code, start_time,result,url,method,response) VALUES(?, ?, ?, ?,?,?,?)
### Cause: com.mysql.cj.jdbc.exceptions.CommunicationsException: Communications link failure

The last packet successfully received from the server was 982 milliseconds ago. The last packet sent successfully to the server was 1,030 milliseconds ago.
; Communications link failure

The last packet successfully received from the server was 982 milliseconds ago. The last packet sent successfully to the server was 1,030 milliseconds ago.; nested exception is com.mysql.cj.jdbc.exceptions.CommunicationsException: Communications link failure

The last packet successfully received from the server was 982 milliseconds ago. The last packet sent successfully to the server was 1,030 milliseconds ago.
	at org.springframework.jdbc.support.SQLExceptionSubclassTranslator.doTranslate(SQLExceptionSubclassTranslator.java:100)
	at org.springframework.jdbc.support.AbstractFallbackSQLExceptionTranslator.translate(AbstractFallbackSQLExceptionTranslator.java:72)
	at org.springframework.jdbc.support.AbstractFallbackSQLExceptionTranslator.translate(AbstractFallbackSQLExceptionTranslator.java:81)
	at org.mybatis.spring.MyBatisExceptionTranslator.translateExceptionIfPossible(MyBatisExceptionTranslator.java:73)
	at org.mybatis.spring.SqlSessionTemplate$SqlSessionInterceptor.invoke(SqlSessionTemplate.java:446)
	at com.sun.proxy.$Proxy65.insert(Unknown Source)
	at org.mybatis.spring.SqlSessionTemplate.insert(SqlSessionTemplate.java:278)
	at org.apache.ibatis.binding.MapperMethod.execute(MapperMethod.java:59)
	at org.apache.ibatis.binding.MapperProxy.invoke(MapperProxy.java:58)
	at com.sun.proxy.$Proxy79.insertResult(Unknown Source)
	at com.tester.cases.JingDongTest.crawlPageShopProducts(JingDongTest.java:56)
	at org.junit.runners.model.FrameworkMethod$1.runReflectiveCall(FrameworkMethod.java:50)
	at org.junit.internal.runners.model.ReflectiveCallable.run(ReflectiveCallable.java:12)
	at org.junit.runners.model.FrameworkMethod.invokeExplosively(FrameworkMethod.java:47)
	at org.junit.internal.runners.statements.InvokeMethod.evaluate(InvokeMethod.java:17)
	at org.springframework.test.context.junit4.statements.RunBeforeTestExecutionCallbacks.evaluate(RunBeforeTestExecutionCallbacks.java:73)
	at org.springframework.test.context.junit4.statements.RunAfterTestExecutionCallbacks.evaluate(RunAfterTestExecutionCallbacks.java:83)
	at org.springframework.test.context.junit4.statements.RunBeforeTestMethodCallbacks.evaluate(RunBeforeTestMethodCallbacks.java:75)
	at org.springframework.test.context.junit4.statements.RunAfterTestMethodCallbacks.evaluate(RunAfterTestMethodCallbacks.java:86)
	at org.springframework.test.context.junit4.statements.SpringRepeat.evaluate(SpringRepeat.java:84)
	at org.junit.runners.ParentRunner.runLeaf(ParentRunner.java:325)
	at org.springframework.test.context.junit4.SpringJUnit4ClassRunner.runChild(SpringJUnit4ClassRunner.java:251)
	at org.springframework.test.context.junit4.SpringJUnit4ClassRunner.runChild(SpringJUnit4ClassRunner.java:97)
	at org.junit.runners.ParentRunner$3.run(ParentRunner.java:290)
	at org.junit.runners.ParentRunner$1.schedule(ParentRunner.java:71)
	at org.junit.runners.ParentRunner.runChildren(ParentRunner.java:288)
	at org.junit.runners.ParentRunner.access$000(ParentRunner.java:58)
	at org.junit.runners.ParentRunner$2.evaluate(ParentRunner.java:268)
	at org.springframework.test.context.junit4.statements.RunBeforeTestClassCallbacks.evaluate(RunBeforeTestClassCallbacks.java:61)
	at org.springframework.test.context.junit4.statements.RunAfterTestClassCallbacks.evaluate(RunAfterTestClassCallbacks.java:70)
	at org.junit.runners.ParentRunner.run(ParentRunner.java:363)
	at org.springframework.test.context.junit4.SpringJUnit4ClassRunner.run(SpringJUnit4ClassRunner.java:190)
	at org.junit.runner.JUnitCore.run(JUnitCore.java:137)
	at org.junit.runner.JUnitCore.run(JUnitCore.java:115)
Caused by: com.mysql.cj.jdbc.exceptions.CommunicationsException: Communications link failure

The last packet successfully received from the server was 982 milliseconds ago. The last packet sent successfully to the server was 1,030 milliseconds ago.
	at com.mysql.cj.jdbc.exceptions.SQLError.createCommunicationsException(SQLError.java:174)
	at com.mysql.cj.jdbc.exceptions.SQLExceptionsMapping.translateException(SQLExceptionsMapping.java:64)
	at com.mysql.cj.jdbc.ConnectionImpl.isReadOnly(ConnectionImpl.java:1414)
	at com.mysql.cj.jdbc.ConnectionImpl.isReadOnly(ConnectionImpl.java:1399)
	at com.mysql.cj.jdbc.ClientPreparedStatement.checkReadOnlySafeStatement(ClientPreparedStatement.java:307)
	at com.mysql.cj.jdbc.ClientPreparedStatement.execute(ClientPreparedStatement.java:317)
	at com.zaxxer.hikari.pool.ProxyPreparedStatement.execute(ProxyPreparedStatement.java:44)
	at com.zaxxer.hikari.pool.HikariProxyPreparedStatement.execute(HikariProxyPreparedStatement.java)
	at org.apache.ibatis.executor.statement.PreparedStatementHandler.update(PreparedStatementHandler.java:47)
	at org.apache.ibatis.executor.statement.RoutingStatementHandler.update(RoutingStatementHandler.java:74)
	at org.apache.ibatis.executor.SimpleExecutor.doUpdate(SimpleExecutor.java:50)
	at org.apache.ibatis.executor.BaseExecutor.update(BaseExecutor.java:117)
	at org.apache.ibatis.executor.CachingExecutor.update(CachingExecutor.java:76)
	at org.apache.ibatis.session.defaults.DefaultSqlSession.update(DefaultSqlSession.java:198)
	at org.apache.ibatis.session.defaults.DefaultSqlSession.insert(DefaultSqlSession.java:185)
	at org.mybatis.spring.SqlSessionTemplate$SqlSessionInterceptor.invoke(SqlSessionTemplate.java:433)
	... 57 more
Caused by: com.mysql.cj.exceptions.CJCommunicationsException: Communications link failure

The last packet successfully received from the server was 982 milliseconds ago. The last packet sent successfully to the server was 1,030 milliseconds ago.
	at com.mysql.cj.exceptions.ExceptionFactory.createException(ExceptionFactory.java:61)
	at com.mysql.cj.exceptions.ExceptionFactory.createException(ExceptionFactory.java:105)
	at com.mysql.cj.exceptions.ExceptionFactory.createException(ExceptionFactory.java:151)
	at com.mysql.cj.exceptions.ExceptionFactory.createCommunicationsException(ExceptionFactory.java:167)
	at com.mysql.cj.protocol.a.NativeProtocol.readMessage(NativeProtocol.java:539)
	at com.mysql.cj.protocol.a.NativeProtocol.checkErrorMessage(NativeProtocol.java:703)
	at com.mysql.cj.protocol.a.NativeProtocol.sendCommand(NativeProtocol.java:642)
	at com.mysql.cj.protocol.a.NativeProtocol.sendCommand(NativeProtocol.java:128)
	at com.mysql.cj.NativeSession.sendCommand(NativeSession.java:311)
	at com.mysql.cj.NativeSession.queryServerVariable(NativeSession.java:1008)
	at com.mysql.cj.jdbc.ConnectionImpl.isReadOnly(ConnectionImpl.java:1406)
	... 74 more
Caused by: java.io.EOFException: Can not read response from server. Expected to read 4 bytes, read 0 bytes before connection was unexpectedly lost.
	at com.mysql.cj.protocol.FullReadInputStream.readFully(FullReadInputStream.java:67)
	at com.mysql.cj.protocol.a.SimplePacketReader.readHeader(SimplePacketReader.java:63)
	at com.mysql.cj.protocol.a.SimplePacketReader.readHeader(SimplePacketReader.java:45)
	at com.mysql.cj.protocol.a.TimeTrackingPacketReader.readHeader(TimeTrackingPacketReader.java:52)
	at com.mysql.cj.protocol.a.TimeTrackingPacketReader.readHeader(TimeTrackingPacketReader.java:41)
	at com.mysql.cj.protocol.a.MultiPacketReader.readHeader(MultiPacketReader.java:54)
	at com.mysql.cj.protocol.a.MultiPacketReader.readHeader(MultiPacketReader.java:44)
	at com.mysql.cj.protocol.a.NativeProtocol.readMessage(NativeProtocol.java:533)
	... 80 more
... Removed 36 stack frames]]>
    </failure>
  </testcase> <!-- crawlPageShopProducts on crawlPageShopProducts(com.tester.cases.JingDongTest) -->
  <testcase name="get_live_square_list on get_live_square_list(com.tester.cases.KuaiShouV1Test)" time="0.603" classname="com.tester.cases.KuaiShouV1Test"/>
  <testcase name="get_live_top_users on get_live_top_users(com.tester.cases.KuaiShouV1Test)" time="2.488" classname="com.tester.cases.KuaiShouV1Test"/>
  <testcase name="video_comment on video_comment(com.tester.cases.KuaiShouV1Test)" time="5.018" classname="com.tester.cases.KuaiShouV1Test"/>
  <testcase name="get_comm_list on get_comm_list(com.tester.cases.KuaiShouV1Test)" time="5.631" classname="com.tester.cases.KuaiShouV1Test"/>
  <testcase name="get_user_card_info on get_user_card_info(com.tester.cases.KuaiShouV1Test)" time="6.071" classname="com.tester.cases.KuaiShouV1Test"/>
  <testcase name="get_live_detail on get_live_detail(com.tester.cases.KuaiShouV1Test)" time="6.886" classname="com.tester.cases.KuaiShouV1Test"/>
  <testcase name="nearby_feed on nearby_feed(com.tester.cases.KuaiShouV1Test)" time="9.282" classname="com.tester.cases.KuaiShouV1Test"/>
  <testcase name="video_detail on video_detail(com.tester.cases.KuaiShouV1Test)" time="14.756" classname="com.tester.cases.KuaiShouV1Test"/>
  <testcase name="hot_feed on hot_feed(com.tester.cases.KuaiShouV1Test)" time="15.638" classname="com.tester.cases.KuaiShouV1Test"/>
  <testcase name="get_live_users on get_live_users(com.tester.cases.KuaiShouV1Test)" time="16.544" classname="com.tester.cases.KuaiShouV1Test"/>
  <testcase name="user_info on user_info(com.tester.cases.KuaiShouV1Test)" time="18.892" classname="com.tester.cases.KuaiShouV1Test"/>
  <testcase name="share_video on share_video(com.tester.cases.KuaiShouV1Test)" time="19.302" classname="com.tester.cases.KuaiShouV1Test"/>
  <testcase name="product_list on product_list(com.tester.cases.KuaiShouV1Test)" time="21.434" classname="com.tester.cases.KuaiShouV1Test"/>
  <testcase name="get_live_square_refresh on get_live_square_refresh(com.tester.cases.KuaiShouV1Test)" time="21.963" classname="com.tester.cases.KuaiShouV1Test"/>
  <testcase name="get_live_info on get_live_info(com.tester.cases.KuaiShouV1Test)" time="22.454" classname="com.tester.cases.KuaiShouV1Test"/>
  <testcase name="get_live_district_rank on get_live_district_rank(com.tester.cases.KuaiShouV1Test)" time="26.248" classname="com.tester.cases.KuaiShouV1Test"/>
  <testcase name="user_video on user_video(com.tester.cases.KuaiShouV1Test)" time="27.898" classname="com.tester.cases.KuaiShouV1Test"/>
  <testcase name="note_comments on note_comments(com.tester.cases.XHSv1Test)" time="1.806" classname="com.tester.cases.XHSv1Test"/>
  <testcase name="video_detail on video_detail(com.tester.cases.XHSv1Test)" time="2.403" classname="com.tester.cases.XHSv1Test"/>
  <testcase name="user_search on user_search(com.tester.cases.XHSv1Test)" time="8.459" classname="com.tester.cases.XHSv1Test"/>
  <testcase name="user_fans on user_fans(com.tester.cases.XHSv1Test)" time="11.073" classname="com.tester.cases.XHSv1Test"/>
  <testcase name="user_info on user_info(com.tester.cases.XHSv1Test)" time="11.607" classname="com.tester.cases.XHSv1Test"/>
  <testcase name="user_note on user_note(com.tester.cases.XHSv1Test)" time="12.12" classname="com.tester.cases.XHSv1Test"/>
  <testcase name="note_detail on note_detail(com.tester.cases.XHSv1Test)" time="12.47" classname="com.tester.cases.XHSv1Test"/>
  <testcase name="user_focus on user_focus(com.tester.cases.XHSv1Test)" time="12.804" classname="com.tester.cases.XHSv1Test"/>
  <testcase name="user_video on user_video(com.tester.cases.XHSv1Test)" time="13.296" classname="com.tester.cases.XHSv1Test"/>
  <testcase name="home_feed on home_feed(com.tester.cases.XHSv1Test)" time="13.927" classname="com.tester.cases.XHSv1Test"/>
  <testcase name="get_shop_items on get_shop_items(com.tester.cases.TBAPPTest)" time="8.659" classname="com.tester.cases.TBAPPTest"/>
  <testcase name="video_list on video_list(com.tester.cases.TBAPPTest)" time="13.301" classname="com.tester.cases.TBAPPTest"/>
  <testcase name="live_detail on live_detail(com.tester.cases.TBAPPTest)" time="15.337" classname="com.tester.cases.TBAPPTest"/>
  <testcase name="call_nums on call_nums(com.tester.cases.TBAPPTest)" time="15.425" classname="com.tester.cases.TBAPPTest"/>
  <testcase name="channel_info on channel_info(com.tester.cases.TBAPPTest)" time="17.738" classname="com.tester.cases.TBAPPTest"/>
  <testcase name="goods_list on goods_list(com.tester.cases.TBAPPTest)" time="24.559" classname="com.tester.cases.TBAPPTest"/>
  <testcase name="broadcaster_info on broadcaster_info(com.tester.cases.TBAPPTest)" time="30.461" classname="com.tester.cases.TBAPPTest"/>
  <testcase name="get_item_list on get_item_list(com.tester.cases.SumaitongTest)" time="1.781" classname="com.tester.cases.SumaitongTest"/>
  <testcase name="get_shop_item on get_shop_item(com.tester.cases.SumaitongTest)" time="2.661" classname="com.tester.cases.SumaitongTest"/>
  <testcase name="get_shop_feedback on get_shop_feedback(com.tester.cases.SumaitongTest)" time="3.52" classname="com.tester.cases.SumaitongTest"/>
  <testcase name="get_shop_info_h5 on get_shop_info_h5(com.tester.cases.SumaitongTest)" time="4.423" classname="com.tester.cases.SumaitongTest"/>
  <testcase name="get_shop_info_pc on get_shop_info_pc(com.tester.cases.SumaitongTest)" time="5.043" classname="com.tester.cases.SumaitongTest"/>
  <testcase name="get_item_detial_h5 on get_item_detial_h5(com.tester.cases.SumaitongTest)" time="7.359" classname="com.tester.cases.SumaitongTest"/>
  <testcase name="get_item_detial_pc on get_item_detial_pc(com.tester.cases.SumaitongTest)" time="8.109" classname="com.tester.cases.SumaitongTest"/>
  <testcase name="get_item_feedback on get_item_feedback(com.tester.cases.SumaitongTest)" time="8.946" classname="com.tester.cases.SumaitongTest"/>
  <testcase name="get_seller_info on get_seller_info(com.tester.cases.SumaitongTest)" time="9.852" classname="com.tester.cases.SumaitongTest"/>
  <testcase name="hot_recommend on hot_recommend(com.tester.cases.DouyinAweTest)" time="4.241" classname="com.tester.cases.DouyinAweTest"/>
  <testcase name="video_info on video_info(com.tester.cases.DouyinAweTest)" time="4.444" classname="com.tester.cases.DouyinAweTest"/>
  <testcase name="get_promotion_list on get_promotion_list(com.tester.cases.DouyinAweTest)" time="4.914" classname="com.tester.cases.DouyinAweTest"/>
  <testcase name="get_aweme_comment on get_aweme_comment(com.tester.cases.DouyinAweTest)" time="5.378" classname="com.tester.cases.DouyinAweTest"/>
  <testcase name="user_info on user_info(com.tester.cases.DouyinAweTest)" time="5.825" classname="com.tester.cases.DouyinAweTest"/>
  <testcase name="user_room on user_room(com.tester.cases.DouyinAweTest)" time="6.085" classname="com.tester.cases.DouyinAweTest"/>
  <testcase name="get_user_info on get_user_info(com.tester.cases.DouyinAweTest)" time="8.491" classname="com.tester.cases.DouyinAweTest"/>
  <testcase name="user_hot_video on user_hot_video(com.tester.cases.DouyinAweTest)" time="11.72" classname="com.tester.cases.DouyinAweTest"/>
  <testcase name="get_aweme_info on get_aweme_info(com.tester.cases.DouyinAweTest)" time="13.206" classname="com.tester.cases.DouyinAweTest"/>
  <testcase name="get_aweme_list on get_aweme_list(com.tester.cases.DouyinAweTest)" time="21.828" classname="com.tester.cases.DouyinAweTest"/>
  <testcase name="user_video on user_video(com.tester.cases.DouyinAweTest)" time="24.1" classname="com.tester.cases.DouyinAweTest"/>
  <testcase name="items on items(com.tester.cases.JingDongCPSTest)" time="0.374" classname="com.tester.cases.JingDongCPSTest"/>
  <testcase name="homepage_shops on homepage_shops(com.tester.cases.MeiTuanTest)" time="7.583" classname="com.tester.cases.MeiTuanTest"/>
  <testcase name="shop_comments on shop_comments(com.tester.cases.MeiTuanTest)" time="23.165" classname="com.tester.cases.MeiTuanTest"/>
  <testcase name="call_nums on call_nums(com.tester.cases.MeiTuanTest)" time="23.255" classname="com.tester.cases.MeiTuanTest"/>
  <testcase name="shop_foods on shop_foods(com.tester.cases.MeiTuanTest)" time="29.656" classname="com.tester.cases.MeiTuanTest"/>
  <testcase name="user_info on user_info(com.tester.cases.DouyinShareTest)" time="0.436" classname="com.tester.cases.DouyinShareTest"/>
  <testcase name="user_video on user_video(com.tester.cases.DouyinShareTest)" time="3.995" classname="com.tester.cases.DouyinShareTest"/>
  <testcase name="get_goods_detail on get_goods_detail(com.tester.cases.TBTest)" time="0.537" classname="com.tester.cases.TBTest"/>
  <testcase name="get_good_goods on get_good_goods(com.tester.cases.TBTest)" time="1.153" classname="com.tester.cases.TBTest"/>
  <testcase name="get_questions on get_questions(com.tester.cases.TBTest)" time="3.166" classname="com.tester.cases.TBTest"/>
  <testcase name="get_ask_tag on get_ask_tag(com.tester.cases.TBTest)" time="3.584" classname="com.tester.cases.TBTest"/>
  <testcase name="get_tb_comment on get_tb_comment(com.tester.cases.TBTest)" time="5.902" classname="com.tester.cases.TBTest"/>
  <testcase name="get_daren_feed on get_daren_feed(com.tester.cases.TBTest)" time="6.67" classname="com.tester.cases.TBTest"/>
  <testcase name="get_daren_info on get_daren_info(com.tester.cases.TBTest)" time="7.593" classname="com.tester.cases.TBTest"/>
  <testcase name="get_mall_similar_goods on get_mall_similar_goods(com.tester.cases.PddTest)" time="0.316" classname="com.tester.cases.PddTest"/>
  <testcase name="get_goods_detail on get_goods_detail(com.tester.cases.PddTest)" time="0.947" classname="com.tester.cases.PddTest"/>
  <testcase name="get_limited_seckill on get_limited_seckill(com.tester.cases.PddTest)" time="1.243" classname="com.tester.cases.PddTest"/>
  <testcase name="get_daily_good_mall on get_daily_good_mall(com.tester.cases.PddTest)" time="2.458" classname="com.tester.cases.PddTest"/>
  <testcase name="get_mall_info on get_mall_info(com.tester.cases.PddTest)" time="3.36" classname="com.tester.cases.PddTest"/>
  <testcase name="get_fenlei_goods on get_fenlei_goods(com.tester.cases.PddTest)" time="37.468" classname="com.tester.cases.PddTest"/>
  <testcase name="get_similar_goods on get_similar_goods(com.tester.cases.PddTest)" time="39.621" classname="com.tester.cases.PddTest"/>
  <testcase name="get_hot_goods on get_hot_goods(com.tester.cases.PddTest)" time="39.909" classname="com.tester.cases.PddTest"/>
  <testcase name="get_clearance_sale_goods on get_clearance_sale_goods(com.tester.cases.PddTest)" time="40.998" classname="com.tester.cases.PddTest"/>
  <testcase name="get_mall_most_goods on get_mall_most_goods(com.tester.cases.PddTest)" time="70.259" classname="com.tester.cases.PddTest"/>
  <testcase name="get_99_goods on get_99_goods(com.tester.cases.PddTest)" time="70.854" classname="com.tester.cases.PddTest"/>
  <testcase name="get_new_clothes_goods on get_new_clothes_goods(com.tester.cases.PddTest)" time="73.121" classname="com.tester.cases.PddTest"/>
  <testcase name="get_love_shopping_goods on get_love_shopping_goods(com.tester.cases.PddTest)" time="74.646" classname="com.tester.cases.PddTest"/>
  <testcase name="get_electrical_goods on get_electrical_goods(com.tester.cases.PddTest)" time="75.458" classname="com.tester.cases.PddTest"/>
  <testcase name="get_pdd_date on get_pdd_date(com.tester.cases.PddTest)" time="76.27" classname="com.tester.cases.PddTest"/>
  <testcase name="get_subsidy_goods on get_subsidy_goods(com.tester.cases.PddTest)" time="76.983" classname="com.tester.cases.PddTest"/>
  <testcase name="get_cat_id_list on get_cat_id_list(com.tester.cases.PddTest)" time="77.036" classname="com.tester.cases.PddTest"/>
  <testcase name="ice_shopping_tab on ice_shopping_tab(com.tester.cases.DuTest)" time="5.676" classname="com.tester.cases.DuTest"/>
  <testcase name="sold_list on sold_list(com.tester.cases.DuTest)" time="7.318" classname="com.tester.cases.DuTest"/>
  <testcase name="call_nums on call_nums(com.tester.cases.DuTest)" time="7.394" classname="com.tester.cases.DuTest"/>
  <testcase name="item_detail on item_detail(com.tester.cases.DuTest)" time="8.968" classname="com.tester.cases.DuTest"/>
  <testcase name="ice_shopping on ice_shopping(com.tester.cases.DuTest)" time="10.999" classname="com.tester.cases.DuTest"/>
  <testcase name="get_shop_items on get_shop_items(com.tester.cases.AlibabaTest)" time="4.147" classname="com.tester.cases.AlibabaTest"/>
  <testcase name="get_search_list on get_search_list(com.tester.cases.AlibabaTest)" time="6.791" classname="com.tester.cases.AlibabaTest"/>
  <testcase name="get_item_info_h5 on get_item_info_h5(com.tester.cases.AlibabaTest)" time="7.575" classname="com.tester.cases.AlibabaTest"/>
  <testcase name="get_comment_list on get_comment_list(com.tester.cases.AlibabaTest)" time="8.498" classname="com.tester.cases.AlibabaTest"/>
  <testcase name="get_product_info on get_product_info(com.tester.cases.AlibabaTest)" time="8.526" classname="com.tester.cases.AlibabaTest"/>
  <testcase name="get_cate_info on get_cate_info(com.tester.cases.AlibabaTest)" time="11.884" classname="com.tester.cases.AlibabaTest"/>
  <testcase name="item_list on item_list(com.tester.cases.KaoLaTest)" time="0.81" classname="com.tester.cases.KaoLaTest"/>
  <testcase name="shop_info on shop_info(com.tester.cases.KaoLaTest)" time="3.46" classname="com.tester.cases.KaoLaTest"/>
  <testcase name="shop_item on shop_item(com.tester.cases.KaoLaTest)" time="4.867" classname="com.tester.cases.KaoLaTest"/>
  <testcase name="item_detail on item_detail(com.tester.cases.KaoLaTest)" time="5.985" classname="com.tester.cases.KaoLaTest"/>
  <testcase name="leaf_cate on leaf_cate(com.tester.cases.KaoLaTest)" time="6.562" classname="com.tester.cases.KaoLaTest"/>
  <testcase name="item_comm on item_comm(com.tester.cases.XHSv2Test)" time="0.216" classname="com.tester.cases.XHSv2Test"/>
  <testcase name="item_info on item_info(com.tester.cases.XHSv2Test)" time="0.428" classname="com.tester.cases.XHSv2Test"/>
  <testcase name="shop_font on shop_font(com.tester.cases.XHSv2Test)" time="0.682" classname="com.tester.cases.XHSv2Test"/>
  <testcase name="shop_info on shop_info(com.tester.cases.XHSv2Test)" time="2.524" classname="com.tester.cases.XHSv2Test"/>
  <testcase name="item_price on item_price(com.tester.cases.XHSv2Test)" time="2.734" classname="com.tester.cases.XHSv2Test"/>
  <testcase name="note_comments on note_comments(com.tester.cases.XHSv2Test)" time="4.333" classname="com.tester.cases.XHSv2Test"/>
  <testcase name="call_nums on call_nums(com.tester.cases.XHSv2Test)" time="4.41" classname="com.tester.cases.XHSv2Test"/>
  <testcase name="shop_items on shop_items(com.tester.cases.XHSv2Test)" time="4.882" classname="com.tester.cases.XHSv2Test"/>
  <testcase name="channel_refresh on channel_refresh(com.tester.cases.XHSv2Test)" time="5.15" classname="com.tester.cases.XHSv2Test"/>
  <testcase name="video_detail on video_detail(com.tester.cases.XHSv2Test)" time="9.694" classname="com.tester.cases.XHSv2Test"/>
  <testcase name="item_search on item_search(com.tester.cases.XHSv2Test)" time="10.05" classname="com.tester.cases.XHSv2Test"/>
  <testcase name="user_search on user_search(com.tester.cases.XHSv2Test)" time="11.737" classname="com.tester.cases.XHSv2Test"/>
  <testcase name="topic_notes on topic_notes(com.tester.cases.XHSv2Test)" time="13.314" classname="com.tester.cases.XHSv2Test"/>
  <testcase name="user_fans on user_fans(com.tester.cases.XHSv2Test)" time="14.902" classname="com.tester.cases.XHSv2Test"/>
  <testcase name="user_info on user_info(com.tester.cases.XHSv2Test)" time="16.478" classname="com.tester.cases.XHSv2Test"/>
  <testcase name="user_note on user_note(com.tester.cases.XHSv2Test)" time="19.567" classname="com.tester.cases.XHSv2Test"/>
  <testcase name="note_detail on note_detail(com.tester.cases.XHSv2Test)" time="21.257" classname="com.tester.cases.XHSv2Test"/>
  <testcase name="user_focus on user_focus(com.tester.cases.XHSv2Test)" time="22.84" classname="com.tester.cases.XHSv2Test"/>
  <testcase name="user_video on user_video(com.tester.cases.XHSv2Test)" time="24.84" classname="com.tester.cases.XHSv2Test"/>
  <testcase name="note_search on note_search(com.tester.cases.XHSv2Test)" time="26.435" classname="com.tester.cases.XHSv2Test"/>
  <testcase name="home_feed on home_feed(com.tester.cases.XHSv2Test)" time="28.036" classname="com.tester.cases.XHSv2Test"/>
  <testcase name="get_live_square_list on get_live_square_list(com.tester.cases.KuaiShouV2Test)" time="1.986" classname="com.tester.cases.KuaiShouV2Test"/>
  <testcase name="get_live_top_users on get_live_top_users(com.tester.cases.KuaiShouV2Test)" time="3.77" classname="com.tester.cases.KuaiShouV2Test"/>
  <testcase name="video_comment on video_comment(com.tester.cases.KuaiShouV2Test)" time="4.783" classname="com.tester.cases.KuaiShouV2Test"/>
  <testcase name="call_nums on call_nums(com.tester.cases.KuaiShouV2Test)" time="4.865" classname="com.tester.cases.KuaiShouV2Test"/>
  <testcase name="nearby_feed on nearby_feed(com.tester.cases.KuaiShouV2Test)" time="5.615" classname="com.tester.cases.KuaiShouV2Test"/>
  <testcase name="video_detail on video_detail(com.tester.cases.KuaiShouV2Test)" time="12.736" classname="com.tester.cases.KuaiShouV2Test"/>
  <testcase name="hot_feed on hot_feed(com.tester.cases.KuaiShouV2Test)" time="14.036" classname="com.tester.cases.KuaiShouV2Test"/>
  <testcase name="get_live_users on get_live_users(com.tester.cases.KuaiShouV2Test)" time="15.677" classname="com.tester.cases.KuaiShouV2Test"/>
  <testcase name="user_info on user_info(com.tester.cases.KuaiShouV2Test)" time="16.359" classname="com.tester.cases.KuaiShouV2Test"/>
  <testcase name="share_video on share_video(com.tester.cases.KuaiShouV2Test)" time="25.578" classname="com.tester.cases.KuaiShouV2Test"/>
  <testcase name="product_list on product_list(com.tester.cases.KuaiShouV2Test)" time="25.855" classname="com.tester.cases.KuaiShouV2Test"/>
  <testcase name="get_live_square_refresh on get_live_square_refresh(com.tester.cases.KuaiShouV2Test)" time="26.511" classname="com.tester.cases.KuaiShouV2Test"/>
  <testcase name="get_live_info on get_live_info(com.tester.cases.KuaiShouV2Test)" time="27.277" classname="com.tester.cases.KuaiShouV2Test"/>
  <testcase name="get_live_district_rank on get_live_district_rank(com.tester.cases.KuaiShouV2Test)" time="30.347" classname="com.tester.cases.KuaiShouV2Test"/>
  <testcase name="user_video on user_video(com.tester.cases.KuaiShouV2Test)" time="31.826" classname="com.tester.cases.KuaiShouV2Test"/>
</testsuite> <!-- Surefire test -->
