<?xml version="1.0" encoding="UTF-8"?>
<!-- Generated by org.testng.reporters.JUnitXMLReporter -->
<testsuite ignored="0" hostname="yaokaideMacBook-Pro.local" failures="0" tests="151" name="Surefire test" time="355.725" errors="0" timestamp="28 4月 2020 01:30:13 GMT">
  <testcase classname="com.tester.cases.DouyinTest" name="get_promotion_list on get_promotion_list(com.tester.cases.DouyinTest)" time="5.353"/>
  <testcase classname="com.tester.cases.Douyinv1Test" name="video_comment on video_comment(com.tester.cases.Douyinv1Test)" time="0.296"/>
  <testcase classname="com.tester.cases.Douyinv1Test" name="user_info on user_info(com.tester.cases.Douyinv1Test)" time="0.892"/>
  <testcase classname="com.tester.cases.Douyinv1Test" name="user_goods on user_goods(com.tester.cases.Douyinv1Test)" time="2.457"/>
  <testcase classname="com.tester.cases.Douyinv1Test" name="user_video on user_video(com.tester.cases.Douyinv1Test)" time="2.792"/>
  <testcase classname="com.tester.cases.DouyinLiteTest" name="get_user_following_list on get_user_following_list(com.tester.cases.DouyinLiteTest)" time="0.61"/>
  <testcase classname="com.tester.cases.JingDongTest" name="crawlShopVenderId on crawlShopVenderId(com.tester.cases.JingDongTest)" time="0.401"/>
  <testcase classname="com.tester.cases.JingDongTest" name="crawlShopDetails on crawlShopDetails(com.tester.cases.JingDongTest)" time="0.99"/>
  <testcase classname="com.tester.cases.JingDongTest" name="crawlSkuPrices on crawlSkuPrices(com.tester.cases.JingDongTest)" time="1.427"/>
  <testcase classname="com.tester.cases.JingDongTest" name="crawlCommentsCounts on crawlCommentsCounts(com.tester.cases.JingDongTest)" time="1.806"/>
  <testcase classname="com.tester.cases.JingDongTest" name="crawlPageByBrandName on crawlPageByBrandName(com.tester.cases.JingDongTest)" time="4.902"/>
  <testcase classname="com.tester.cases.JingDongTest" name="crawlSkuCommentAndCount on crawlSkuCommentAndCount(com.tester.cases.JingDongTest)" time="5.359"/>
  <testcase classname="com.tester.cases.JingDongTest" name="crawlSkuComment on crawlSkuComment(com.tester.cases.JingDongTest)" time="5.837"/>
  <testcase classname="com.tester.cases.JingDongTest" name="crawlPageShopProducts on crawlPageShopProducts(com.tester.cases.JingDongTest)" time="9.057"/>
  <testcase classname="com.tester.cases.KuaiShouV1Test" name="get_live_square_list on get_live_square_list(com.tester.cases.KuaiShouV1Test)" time="0.587"/>
  <testcase classname="com.tester.cases.KuaiShouV1Test" name="get_live_top_users on get_live_top_users(com.tester.cases.KuaiShouV1Test)" time="2.764"/>
  <testcase classname="com.tester.cases.KuaiShouV1Test" name="video_comment on video_comment(com.tester.cases.KuaiShouV1Test)" time="3.32"/>
  <testcase classname="com.tester.cases.KuaiShouV1Test" name="get_comm_list on get_comm_list(com.tester.cases.KuaiShouV1Test)" time="3.72"/>
  <testcase classname="com.tester.cases.KuaiShouV1Test" name="get_user_card_info on get_user_card_info(com.tester.cases.KuaiShouV1Test)" time="7.003"/>
  <testcase classname="com.tester.cases.KuaiShouV1Test" name="get_live_detail on get_live_detail(com.tester.cases.KuaiShouV1Test)" time="7.619"/>
  <testcase classname="com.tester.cases.KuaiShouV1Test" name="nearby_feed on nearby_feed(com.tester.cases.KuaiShouV1Test)" time="8.162"/>
  <testcase classname="com.tester.cases.KuaiShouV1Test" name="video_detail on video_detail(com.tester.cases.KuaiShouV1Test)" time="13.677"/>
  <testcase classname="com.tester.cases.KuaiShouV1Test" name="hot_feed on hot_feed(com.tester.cases.KuaiShouV1Test)" time="14.676"/>
  <testcase classname="com.tester.cases.KuaiShouV1Test" name="get_live_users on get_live_users(com.tester.cases.KuaiShouV1Test)" time="15.996"/>
  <testcase classname="com.tester.cases.KuaiShouV1Test" name="user_info on user_info(com.tester.cases.KuaiShouV1Test)" time="16.648"/>
  <testcase classname="com.tester.cases.KuaiShouV1Test" name="share_video on share_video(com.tester.cases.KuaiShouV1Test)" time="22.462"/>
  <testcase classname="com.tester.cases.KuaiShouV1Test" name="product_list on product_list(com.tester.cases.KuaiShouV1Test)" time="22.976"/>
  <testcase classname="com.tester.cases.KuaiShouV1Test" name="get_live_square_refresh on get_live_square_refresh(com.tester.cases.KuaiShouV1Test)" time="23.588"/>
  <testcase classname="com.tester.cases.KuaiShouV1Test" name="get_live_info on get_live_info(com.tester.cases.KuaiShouV1Test)" time="27.277"/>
  <testcase classname="com.tester.cases.KuaiShouV1Test" name="get_live_district_rank on get_live_district_rank(com.tester.cases.KuaiShouV1Test)" time="31.674"/>
  <testcase classname="com.tester.cases.KuaiShouV1Test" name="user_video on user_video(com.tester.cases.KuaiShouV1Test)" time="33.053"/>
  <testcase classname="com.tester.cases.XHSv1Test" name="note_comments on note_comments(com.tester.cases.XHSv1Test)" time="0.608"/>
  <testcase classname="com.tester.cases.XHSv1Test" name="video_detail on video_detail(com.tester.cases.XHSv1Test)" time="5.285"/>
  <testcase classname="com.tester.cases.XHSv1Test" name="user_search on user_search(com.tester.cases.XHSv1Test)" time="5.78"/>
  <testcase classname="com.tester.cases.XHSv1Test" name="user_fans on user_fans(com.tester.cases.XHSv1Test)" time="7.354"/>
  <testcase classname="com.tester.cases.XHSv1Test" name="user_info on user_info(com.tester.cases.XHSv1Test)" time="8.752"/>
  <testcase classname="com.tester.cases.XHSv1Test" name="user_note on user_note(com.tester.cases.XHSv1Test)" time="9.311"/>
  <testcase classname="com.tester.cases.XHSv1Test" name="note_detail on note_detail(com.tester.cases.XHSv1Test)" time="10.29"/>
  <testcase classname="com.tester.cases.XHSv1Test" name="user_focus on user_focus(com.tester.cases.XHSv1Test)" time="10.696"/>
  <testcase classname="com.tester.cases.XHSv1Test" name="user_video on user_video(com.tester.cases.XHSv1Test)" time="11.106"/>
  <testcase classname="com.tester.cases.XHSv1Test" name="home_feed on home_feed(com.tester.cases.XHSv1Test)" time="11.794"/>
  <testcase classname="com.tester.cases.TBAPPTest" name="get_shop_items on get_shop_items(com.tester.cases.TBAPPTest)" time="8.456"/>
  <testcase classname="com.tester.cases.TBAPPTest" name="video_list on video_list(com.tester.cases.TBAPPTest)" time="12.85"/>
  <testcase classname="com.tester.cases.TBAPPTest" name="live_detail on live_detail(com.tester.cases.TBAPPTest)" time="13.791"/>
  <testcase classname="com.tester.cases.TBAPPTest" name="call_nums on call_nums(com.tester.cases.TBAPPTest)" time="13.874"/>
  <testcase classname="com.tester.cases.TBAPPTest" name="channel_info on channel_info(com.tester.cases.TBAPPTest)" time="16.802"/>
  <testcase classname="com.tester.cases.TBAPPTest" name="goods_list on goods_list(com.tester.cases.TBAPPTest)" time="23.522"/>
  <testcase classname="com.tester.cases.TBAPPTest" name="broadcaster_info on broadcaster_info(com.tester.cases.TBAPPTest)" time="24.954"/>
  <testcase classname="com.tester.cases.SumaitongTest" name="get_item_list on get_item_list(com.tester.cases.SumaitongTest)" time="1.709"/>
  <testcase classname="com.tester.cases.SumaitongTest" name="get_shop_item on get_shop_item(com.tester.cases.SumaitongTest)" time="2.827"/>
  <testcase classname="com.tester.cases.SumaitongTest" name="get_shop_feedback on get_shop_feedback(com.tester.cases.SumaitongTest)" time="3.574"/>
  <testcase classname="com.tester.cases.SumaitongTest" name="get_shop_info_h5 on get_shop_info_h5(com.tester.cases.SumaitongTest)" time="9.809"/>
  <testcase classname="com.tester.cases.SumaitongTest" name="get_shop_info_pc on get_shop_info_pc(com.tester.cases.SumaitongTest)" time="10.407"/>
  <testcase classname="com.tester.cases.SumaitongTest" name="get_item_detial_h5 on get_item_detial_h5(com.tester.cases.SumaitongTest)" time="11.965"/>
  <testcase classname="com.tester.cases.SumaitongTest" name="get_item_detial_pc on get_item_detial_pc(com.tester.cases.SumaitongTest)" time="12.758"/>
  <testcase classname="com.tester.cases.SumaitongTest" name="get_item_feedback on get_item_feedback(com.tester.cases.SumaitongTest)" time="13.578"/>
  <testcase classname="com.tester.cases.SumaitongTest" name="get_seller_info on get_seller_info(com.tester.cases.SumaitongTest)" time="14.383"/>
  <testcase classname="com.tester.cases.DouyinAweTest" name="hot_recommend on hot_recommend(com.tester.cases.DouyinAweTest)" time="3.826"/>
  <testcase classname="com.tester.cases.DouyinAweTest" name="video_info on video_info(com.tester.cases.DouyinAweTest)" time="8.601"/>
  <testcase classname="com.tester.cases.DouyinAweTest" name="get_promotion_list on get_promotion_list(com.tester.cases.DouyinAweTest)" time="9.115"/>
  <testcase classname="com.tester.cases.DouyinAweTest" name="get_aweme_comment on get_aweme_comment(com.tester.cases.DouyinAweTest)" time="9.513"/>
  <testcase classname="com.tester.cases.DouyinAweTest" name="user_info on user_info(com.tester.cases.DouyinAweTest)" time="9.974"/>
  <testcase classname="com.tester.cases.DouyinAweTest" name="user_room on user_room(com.tester.cases.DouyinAweTest)" time="10.437"/>
  <testcase classname="com.tester.cases.DouyinAweTest" name="get_user_info on get_user_info(com.tester.cases.DouyinAweTest)" time="11.871"/>
  <testcase classname="com.tester.cases.DouyinAweTest" name="user_hot_video on user_hot_video(com.tester.cases.DouyinAweTest)" time="14.968"/>
  <testcase classname="com.tester.cases.DouyinAweTest" name="get_aweme_info on get_aweme_info(com.tester.cases.DouyinAweTest)" time="15.765"/>
  <testcase classname="com.tester.cases.DouyinAweTest" name="get_aweme_list on get_aweme_list(com.tester.cases.DouyinAweTest)" time="45.405"/>
  <testcase classname="com.tester.cases.DouyinAweTest" name="user_video on user_video(com.tester.cases.DouyinAweTest)" time="47.706"/>
  <testcase classname="com.tester.cases.JingDongCPSTest" name="items on items(com.tester.cases.JingDongCPSTest)" time="0.721"/>
  <testcase classname="com.tester.cases.MeiTuanTest" name="homepage_shops on homepage_shops(com.tester.cases.MeiTuanTest)" time="7.299"/>
  <testcase classname="com.tester.cases.MeiTuanTest" name="shop_comments on shop_comments(com.tester.cases.MeiTuanTest)" time="13.023"/>
  <testcase classname="com.tester.cases.MeiTuanTest" name="call_nums on call_nums(com.tester.cases.MeiTuanTest)" time="13.115"/>
  <testcase classname="com.tester.cases.MeiTuanTest" name="shop_foods on shop_foods(com.tester.cases.MeiTuanTest)" time="25.299"/>
  <testcase classname="com.tester.cases.DouyinShareTest" name="user_info on user_info(com.tester.cases.DouyinShareTest)" time="0.983"/>
  <testcase classname="com.tester.cases.DouyinShareTest" name="user_video on user_video(com.tester.cases.DouyinShareTest)" time="5.377"/>
  <testcase classname="com.tester.cases.TBTest" name="get_goods_detail on get_goods_detail(com.tester.cases.TBTest)" time="1.535"/>
  <testcase classname="com.tester.cases.TBTest" name="get_good_goods on get_good_goods(com.tester.cases.TBTest)" time="3.826"/>
  <testcase classname="com.tester.cases.TBTest" name="get_questions on get_questions(com.tester.cases.TBTest)" time="4.644"/>
  <testcase classname="com.tester.cases.TBTest" name="get_ask_tag on get_ask_tag(com.tester.cases.TBTest)" time="5.653"/>
  <testcase classname="com.tester.cases.TBTest" name="get_tb_comment on get_tb_comment(com.tester.cases.TBTest)" time="5.771"/>
  <testcase classname="com.tester.cases.TBTest" name="get_daren_feed on get_daren_feed(com.tester.cases.TBTest)" time="8.428"/>
  <testcase classname="com.tester.cases.TBTest" name="get_daren_info on get_daren_info(com.tester.cases.TBTest)" time="9.279"/>
  <testcase classname="com.tester.cases.PddTest" name="get_mall_similar_goods on get_mall_similar_goods(com.tester.cases.PddTest)" time="0.46"/>
  <testcase classname="com.tester.cases.PddTest" name="get_goods_detail on get_goods_detail(com.tester.cases.PddTest)" time="1.002"/>
  <testcase classname="com.tester.cases.PddTest" name="get_limited_seckill on get_limited_seckill(com.tester.cases.PddTest)" time="1.415"/>
  <testcase classname="com.tester.cases.PddTest" name="get_daily_good_mall on get_daily_good_mall(com.tester.cases.PddTest)" time="3.364"/>
  <testcase classname="com.tester.cases.PddTest" name="get_mall_info on get_mall_info(com.tester.cases.PddTest)" time="3.949"/>
  <testcase classname="com.tester.cases.PddTest" name="get_fenlei_goods on get_fenlei_goods(com.tester.cases.PddTest)" time="48.518"/>
  <testcase classname="com.tester.cases.PddTest" name="get_similar_goods on get_similar_goods(com.tester.cases.PddTest)" time="53.746"/>
  <testcase classname="com.tester.cases.PddTest" name="get_hot_goods on get_hot_goods(com.tester.cases.PddTest)" time="54.234"/>
  <testcase classname="com.tester.cases.PddTest" name="get_clearance_sale_goods on get_clearance_sale_goods(com.tester.cases.PddTest)" time="56.993"/>
  <testcase classname="com.tester.cases.PddTest" name="get_mall_most_goods on get_mall_most_goods(com.tester.cases.PddTest)" time="60.494"/>
  <testcase classname="com.tester.cases.PddTest" name="get_99_goods on get_99_goods(com.tester.cases.PddTest)" time="64.594"/>
  <testcase classname="com.tester.cases.PddTest" name="get_new_clothes_goods on get_new_clothes_goods(com.tester.cases.PddTest)" time="65.737"/>
  <testcase classname="com.tester.cases.PddTest" name="get_love_shopping_goods on get_love_shopping_goods(com.tester.cases.PddTest)" time="66.295"/>
  <testcase classname="com.tester.cases.PddTest" name="get_electrical_goods on get_electrical_goods(com.tester.cases.PddTest)" time="67.053"/>
  <testcase classname="com.tester.cases.PddTest" name="get_pdd_date on get_pdd_date(com.tester.cases.PddTest)" time="68.439"/>
  <testcase classname="com.tester.cases.PddTest" name="get_subsidy_goods on get_subsidy_goods(com.tester.cases.PddTest)" time="69.357"/>
  <testcase classname="com.tester.cases.PddTest" name="get_cat_id_list on get_cat_id_list(com.tester.cases.PddTest)" time="69.41"/>
  <testcase classname="com.tester.cases.DuTest" name="ice_shopping_tab on ice_shopping_tab(com.tester.cases.DuTest)" time="0.277"/>
  <testcase classname="com.tester.cases.DuTest" name="sold_list on sold_list(com.tester.cases.DuTest)" time="2.912"/>
  <testcase classname="com.tester.cases.DuTest" name="call_nums on call_nums(com.tester.cases.DuTest)" time="2.986"/>
  <testcase classname="com.tester.cases.DuTest" name="item_detail on item_detail(com.tester.cases.DuTest)" time="6.196"/>
  <testcase classname="com.tester.cases.DuTest" name="ice_shopping on ice_shopping(com.tester.cases.DuTest)" time="6.865"/>
  <testcase classname="com.tester.cases.AlibabaTest" name="get_shop_items on get_shop_items(com.tester.cases.AlibabaTest)" time="4.043"/>
  <testcase classname="com.tester.cases.AlibabaTest" name="get_search_list on get_search_list(com.tester.cases.AlibabaTest)" time="9.264"/>
  <testcase classname="com.tester.cases.AlibabaTest" name="get_item_info_h5 on get_item_info_h5(com.tester.cases.AlibabaTest)" time="10.189"/>
  <testcase classname="com.tester.cases.AlibabaTest" name="get_comment_list on get_comment_list(com.tester.cases.AlibabaTest)" time="11.367"/>
  <testcase classname="com.tester.cases.AlibabaTest" name="get_product_info on get_product_info(com.tester.cases.AlibabaTest)" time="11.393"/>
  <testcase classname="com.tester.cases.AlibabaTest" name="get_cate_info on get_cate_info(com.tester.cases.AlibabaTest)" time="14.733"/>
  <testcase classname="com.tester.cases.KaoLaTest" name="item_list on item_list(com.tester.cases.KaoLaTest)" time="0.893"/>
  <testcase classname="com.tester.cases.KaoLaTest" name="shop_info on shop_info(com.tester.cases.KaoLaTest)" time="1.498"/>
  <testcase classname="com.tester.cases.KaoLaTest" name="shop_item on shop_item(com.tester.cases.KaoLaTest)" time="2.11"/>
  <testcase classname="com.tester.cases.KaoLaTest" name="item_detail on item_detail(com.tester.cases.KaoLaTest)" time="3.267"/>
  <testcase classname="com.tester.cases.KaoLaTest" name="leaf_cate on leaf_cate(com.tester.cases.KaoLaTest)" time="4.328"/>
  <testcase classname="com.tester.cases.XHSv2Test" name="item_comm on item_comm(com.tester.cases.XHSv2Test)" time="1.873"/>
  <testcase classname="com.tester.cases.XHSv2Test" name="item_info on item_info(com.tester.cases.XHSv2Test)" time="2.193"/>
  <testcase classname="com.tester.cases.XHSv2Test" name="shop_font on shop_font(com.tester.cases.XHSv2Test)" time="2.404"/>
  <testcase classname="com.tester.cases.XHSv2Test" name="shop_info on shop_info(com.tester.cases.XHSv2Test)" time="2.682"/>
  <testcase classname="com.tester.cases.XHSv2Test" name="item_price on item_price(com.tester.cases.XHSv2Test)" time="3.264"/>
  <testcase classname="com.tester.cases.XHSv2Test" name="note_comments on note_comments(com.tester.cases.XHSv2Test)" time="7.706"/>
  <testcase classname="com.tester.cases.XHSv2Test" name="call_nums on call_nums(com.tester.cases.XHSv2Test)" time="7.809"/>
  <testcase classname="com.tester.cases.XHSv2Test" name="shop_items on shop_items(com.tester.cases.XHSv2Test)" time="8.059"/>
  <testcase classname="com.tester.cases.XHSv2Test" name="channel_refresh on channel_refresh(com.tester.cases.XHSv2Test)" time="8.506"/>
  <testcase classname="com.tester.cases.XHSv2Test" name="video_detail on video_detail(com.tester.cases.XHSv2Test)" time="11.272"/>
  <testcase classname="com.tester.cases.XHSv2Test" name="item_search on item_search(com.tester.cases.XHSv2Test)" time="11.685"/>
  <testcase classname="com.tester.cases.XHSv2Test" name="user_search on user_search(com.tester.cases.XHSv2Test)" time="14.26"/>
  <testcase classname="com.tester.cases.XHSv2Test" name="topic_notes on topic_notes(com.tester.cases.XHSv2Test)" time="14.338"/>
  <testcase classname="com.tester.cases.XHSv2Test" name="user_fans on user_fans(com.tester.cases.XHSv2Test)" time="19.583"/>
  <testcase classname="com.tester.cases.XHSv2Test" name="user_info on user_info(com.tester.cases.XHSv2Test)" time="20.449"/>
  <testcase classname="com.tester.cases.XHSv2Test" name="user_note on user_note(com.tester.cases.XHSv2Test)" time="23.188"/>
  <testcase classname="com.tester.cases.XHSv2Test" name="note_detail on note_detail(com.tester.cases.XHSv2Test)" time="23.91"/>
  <testcase classname="com.tester.cases.XHSv2Test" name="user_focus on user_focus(com.tester.cases.XHSv2Test)" time="27.435"/>
  <testcase classname="com.tester.cases.XHSv2Test" name="user_video on user_video(com.tester.cases.XHSv2Test)" time="28.576"/>
  <testcase classname="com.tester.cases.XHSv2Test" name="note_search on note_search(com.tester.cases.XHSv2Test)" time="29.174"/>
  <testcase classname="com.tester.cases.XHSv2Test" name="home_feed on home_feed(com.tester.cases.XHSv2Test)" time="30.125"/>
  <testcase classname="com.tester.cases.KuaiShouV2Test" name="get_live_square_list on get_live_square_list(com.tester.cases.KuaiShouV2Test)" time="3.933"/>
  <testcase classname="com.tester.cases.KuaiShouV2Test" name="get_live_top_users on get_live_top_users(com.tester.cases.KuaiShouV2Test)" time="5.552"/>
  <testcase classname="com.tester.cases.KuaiShouV2Test" name="video_comment on video_comment(com.tester.cases.KuaiShouV2Test)" time="6.197"/>
  <testcase classname="com.tester.cases.KuaiShouV2Test" name="call_nums on call_nums(com.tester.cases.KuaiShouV2Test)" time="6.381"/>
  <testcase classname="com.tester.cases.KuaiShouV2Test" name="nearby_feed on nearby_feed(com.tester.cases.KuaiShouV2Test)" time="12.191"/>
  <testcase classname="com.tester.cases.KuaiShouV2Test" name="video_detail on video_detail(com.tester.cases.KuaiShouV2Test)" time="21.375"/>
  <testcase classname="com.tester.cases.KuaiShouV2Test" name="hot_feed on hot_feed(com.tester.cases.KuaiShouV2Test)" time="22.969"/>
  <testcase classname="com.tester.cases.KuaiShouV2Test" name="get_live_users on get_live_users(com.tester.cases.KuaiShouV2Test)" time="24.387"/>
  <testcase classname="com.tester.cases.KuaiShouV2Test" name="user_info on user_info(com.tester.cases.KuaiShouV2Test)" time="25.222"/>
  <testcase classname="com.tester.cases.KuaiShouV2Test" name="share_video on share_video(com.tester.cases.KuaiShouV2Test)" time="30.56"/>
  <testcase classname="com.tester.cases.KuaiShouV2Test" name="product_list on product_list(com.tester.cases.KuaiShouV2Test)" time="31.024"/>
  <testcase classname="com.tester.cases.KuaiShouV2Test" name="get_live_square_refresh on get_live_square_refresh(com.tester.cases.KuaiShouV2Test)" time="32.309"/>
  <testcase classname="com.tester.cases.KuaiShouV2Test" name="get_live_info on get_live_info(com.tester.cases.KuaiShouV2Test)" time="35.327"/>
  <testcase classname="com.tester.cases.KuaiShouV2Test" name="get_live_district_rank on get_live_district_rank(com.tester.cases.KuaiShouV2Test)" time="38.155"/>
  <testcase classname="com.tester.cases.KuaiShouV2Test" name="user_video on user_video(com.tester.cases.KuaiShouV2Test)" time="39.362"/>
</testsuite> <!-- Surefire test -->
