<?xml version="1.0" encoding="UTF-8"?>
<testsuite xmlns:xsi="http://www.w3.org/2001/XMLSchema-instance" xsi:schemaLocation="https://maven.apache.org/surefire/maven-surefire-plugin/xsd/surefire-test-report.xsd" name="TestSuite" time="610.684" tests="112" errors="0" skipped="0" failures="23">
  <properties>
[...]
</properties>
  <testcase name="get_cat_id_list" classname="com.tester.cases.PddTest" time="0.487"/>
  <testcase name="get_pdd_date" classname="com.tester.cases.PddTest" time="0.642"/>
  <testcase name="call_nums" classname="com.tester.cases.DuTest" time="0.071"/>
  <testcase name="ice_shopping" classname="com.tester.cases.DuTest" time="0.553"/>
  <testcase name="ice_shopping_tab" classname="com.tester.cases.DuTest" time="0.939"/>
  <testcase name="item_detail" classname="com.tester.cases.DuTest" time="0.482"/>
  <testcase name="sold_list" classname="com.tester.cases.DuTest" time="0.344"/>
  <testcase name="home_feed" classname="com.tester.cases.XHSv1Test" time="15.819"/>
  <testcase name="note_comments" classname="com.tester.cases.XHSv1Test" time="0.526"/>
  <testcase name="note_detail" classname="com.tester.cases.XHSv1Test" time="0.724"/>
  <testcase name="user_fans" classname="com.tester.cases.XHSv1Test" time="1.531"/>
  <testcase name="user_focus" classname="com.tester.cases.XHSv1Test" time="0.509"/>
  <testcase name="user_info" classname="com.tester.cases.XHSv1Test" time="0.487"/>
  <testcase name="user_note" classname="com.tester.cases.XHSv1Test" time="0.32">
    <failure message="{&quot;code&quot;: -1, &quot;data&quot;: null, &quot;msg&quot;: &quot;xhs1 参数错误&quot;, &quot;start_time&quot;: 1581053196, &quot;end_time&quot;: 1581053197}&#10;请求url：http://47.97.206.10/api/xhs_v1/user_note?user_id=5a73c5fa4eacab4c4ccc9778&amp;page=1&amp;page_size=10" type="java.lang.RuntimeException"><![CDATA[java.lang.RuntimeException: 
{"code": -1, "data": null, "msg": "xhs1 参数错误", "start_time": 1581053196, "end_time": 1581053197}
请求url：http://47.97.206.10/api/xhs_v1/user_note?user_id=5a73c5fa4eacab4c4ccc9778&page=1&page_size=10
	at com.tester.cases.XHSv1Test.user_note(XHSv1Test.java:93)
]]></failure>
    <system-out><![CDATA[{"code": -1, "data": null, "msg": "xhs1 参数错误", "start_time": 1581053196, "end_time": 1581053197}
]]></system-out>
  </testcase>
  <testcase name="user_video" classname="com.tester.cases.XHSv1Test" time="0.79"/>
  <testcase name="video_detail" classname="com.tester.cases.XHSv1Test" time="0.869"/>
  <testcase name="call_nums" classname="com.tester.cases.XHSv2Test" time="0.062"/>
  <testcase name="channel_refresh" classname="com.tester.cases.XHSv2Test" time="0.337"/>
  <testcase name="home_feed" classname="com.tester.cases.XHSv2Test" time="1.373"/>
  <testcase name="item_comm" classname="com.tester.cases.XHSv2Test" time="1.345"/>
  <testcase name="item_info" classname="com.tester.cases.XHSv2Test" time="0.299"/>
  <testcase name="item_price" classname="com.tester.cases.XHSv2Test" time="4.128"/>
  <testcase name="item_search" classname="com.tester.cases.XHSv2Test" time="0.463"/>
  <testcase name="note_comments" classname="com.tester.cases.XHSv2Test" time="0.519">
    <failure message="{&quot;code&quot;: -1, &quot;data&quot;: null, &quot;msg&quot;: &quot;xhs2 参数错误&quot;, &quot;start_time&quot;: 1581053206, &quot;end_time&quot;: 1581053207}&#10;请求url：http://47.97.206.10/api/xhs_v2/note_comments?note_id=5df5d21d000000000100790c&amp;num=10&amp;start=5df738e200000000010091d4" type="java.lang.RuntimeException"><![CDATA[java.lang.RuntimeException: 
{"code": -1, "data": null, "msg": "xhs2 参数错误", "start_time": 1581053206, "end_time": 1581053207}
请求url：http://47.97.206.10/api/xhs_v2/note_comments?note_id=5df5d21d000000000100790c&num=10&start=5df738e200000000010091d4
	at com.tester.cases.XHSv2Test.note_comments(XHSv2Test.java:183)
]]></failure>
    <system-out><![CDATA[{"code": -1, "data": null, "msg": "xhs2 参数错误", "start_time": 1581053206, "end_time": 1581053207}
]]></system-out>
  </testcase>
  <testcase name="note_detail" classname="com.tester.cases.XHSv2Test" time="15.817"/>
  <testcase name="note_search" classname="com.tester.cases.XHSv2Test" time="1.26"/>
  <testcase name="shop_font" classname="com.tester.cases.XHSv2Test" time="3.886"/>
  <testcase name="shop_info" classname="com.tester.cases.XHSv2Test" time="0.708"/>
  <testcase name="shop_items" classname="com.tester.cases.XHSv2Test" time="0.438"/>
  <testcase name="topic_notes" classname="com.tester.cases.XHSv2Test" time="0.962"/>
  <testcase name="user_fans" classname="com.tester.cases.XHSv2Test" time="1.366"/>
  <testcase name="user_focus" classname="com.tester.cases.XHSv2Test" time="0.947"/>
  <testcase name="user_info" classname="com.tester.cases.XHSv2Test" time="0.375"/>
  <testcase name="user_note" classname="com.tester.cases.XHSv2Test" time="0.47"/>
  <testcase name="user_video" classname="com.tester.cases.XHSv2Test" time="0.569"/>
  <testcase name="video_detail" classname="com.tester.cases.XHSv2Test" time="1.406"/>
  <testcase name="get_feed" classname="com.tester.cases.DouyinTest" time="9.064"/>
  <testcase name="get_general_search_ret" classname="com.tester.cases.DouyinTest" time="2.515"/>
  <testcase name="get_hot_category_list" classname="com.tester.cases.DouyinTest" time="7.17"/>
  <testcase name="get_hot_music_list" classname="com.tester.cases.DouyinTest" time="1.57"/>
  <testcase name="get_hot_positive_energy_list" classname="com.tester.cases.DouyinTest" time="1.858"/>
  <testcase name="get_hot_search_list" classname="com.tester.cases.DouyinTest" time="2.383"/>
  <testcase name="get_hot_video_list" classname="com.tester.cases.DouyinTest" time="2.466"/>
  <testcase name="get_music_detail" classname="com.tester.cases.DouyinTest" time="1.452"/>
  <testcase name="get_music_videos" classname="com.tester.cases.DouyinTest" time="1.708"/>
  <testcase name="get_nearby_feed" classname="com.tester.cases.DouyinTest" time="2.737"/>
  <testcase name="get_promotion_list" classname="com.tester.cases.DouyinTest" time="1.656"/>
  <testcase name="get_share_video_detail" classname="com.tester.cases.DouyinTest" time="9.366">
    <failure message="{&quot;start_time&quot;: 1581053270, &quot;code&quot;: -1, &quot;msg&quot;: &quot;失败&quot;, &quot;end_time&quot;: 1581053279}&#10;请求url：http://47.97.206.10/api/douyin/get_share_video_detail?url=http://v.douyin.com/UyrYGY/" type="java.lang.RuntimeException">java.lang.RuntimeException: 
{"start_time": 1581053270, "code": -1, "msg": "失败", "end_time": 1581053279}
请求url：http://47.97.206.10/api/douyin/get_share_video_detail?url=http://v.douyin.com/UyrYGY/
	at com.tester.cases.DouyinTest.get_share_video_detail(DouyinTest.java:63)
</failure>
    <system-out><![CDATA[{"start_time": 1581053270, "code": -1, "msg": "失败", "end_time": 1581053279}
]]></system-out>
  </testcase>
  <testcase name="get_user_follower_list" classname="com.tester.cases.DouyinTest" time="1.877"/>
  <testcase name="get_user_following_list" classname="com.tester.cases.DouyinTest" time="1.739"/>
  <testcase name="get_user_forward_list" classname="com.tester.cases.DouyinTest" time="10.261">
    <failure message="{&quot;start_time&quot;: 1581053283, &quot;code&quot;: -1, &quot;msg&quot;: &quot;失败&quot;, &quot;end_time&quot;: 1581053293}&#10;请求url：http://47.97.206.10/api/douyin/get_user_forward_list?user_id=102388086611&amp;max_cursor=0&amp;count=20" type="java.lang.RuntimeException"><![CDATA[java.lang.RuntimeException: 
{"start_time": 1581053283, "code": -1, "msg": "失败", "end_time": 1581053293}
请求url：http://47.97.206.10/api/douyin/get_user_forward_list?user_id=102388086611&max_cursor=0&count=20
	at com.tester.cases.DouyinTest.get_user_forward_list(DouyinTest.java:183)
]]></failure>
    <system-out><![CDATA[{"start_time": 1581053283, "code": -1, "msg": "失败", "end_time": 1581053293}
]]></system-out>
  </testcase>
  <testcase name="get_user_info" classname="com.tester.cases.DouyinTest" time="2.506"/>
  <testcase name="get_user_post" classname="com.tester.cases.DouyinTest" time="1.537"/>
  <testcase name="get_user_search" classname="com.tester.cases.DouyinTest" time="1.791"/>
  <testcase name="get_video_comment_list" classname="com.tester.cases.DouyinTest" time="3.327"/>
  <testcase name="get_video_detail" classname="com.tester.cases.DouyinTest" time="8.814"/>
  <testcase name="get_video_search" classname="com.tester.cases.DouyinTest" time="2.47"/>
  <testcase name="get_webcast_ranklist" classname="com.tester.cases.DouyinTest" time="0.594"/>
  <testcase name="get_webcast_room_info" classname="com.tester.cases.DouyinTest" time="0.567"/>
  <testcase name="get_webcast_user_info" classname="com.tester.cases.DouyinTest" time="0.632"/>
  <testcase name="get_feed" classname="com.tester.cases.DouyinLiteTest" time="2.937"/>
  <testcase name="get_general_search_ret" classname="com.tester.cases.DouyinLiteTest" time="5.97"/>
  <testcase name="get_hot_category_list" classname="com.tester.cases.DouyinLiteTest" time="7.909"/>
  <testcase name="get_hot_music_list" classname="com.tester.cases.DouyinLiteTest" time="3.923"/>
  <testcase name="get_hot_positive_energy_list" classname="com.tester.cases.DouyinLiteTest" time="1.795"/>
  <testcase name="get_hot_search_list" classname="com.tester.cases.DouyinLiteTest" time="2.18"/>
  <testcase name="get_hot_video_list" classname="com.tester.cases.DouyinLiteTest" time="6.063"/>
  <testcase name="get_music_detail" classname="com.tester.cases.DouyinLiteTest" time="2.602"/>
  <testcase name="get_music_videos" classname="com.tester.cases.DouyinLiteTest" time="2.2"/>
  <testcase name="get_nearby_feed" classname="com.tester.cases.DouyinLiteTest" time="2.664"/>
  <testcase name="get_promotion_list" classname="com.tester.cases.DouyinLiteTest" time="2.744"/>
  <testcase name="get_share_video_detail" classname="com.tester.cases.DouyinLiteTest" time="2.082"/>
  <testcase name="get_user_follower_list" classname="com.tester.cases.DouyinLiteTest" time="1.726"/>
  <testcase name="get_user_following_list" classname="com.tester.cases.DouyinLiteTest" time="1.891"/>
  <testcase name="get_user_forward_list" classname="com.tester.cases.DouyinLiteTest" time="2.664"/>
  <testcase name="get_user_info" classname="com.tester.cases.DouyinLiteTest" time="100.08">
    <failure message="syntax error, pos 1, json : &lt;!DOCTYPE html&gt;&#10;&lt;html&gt;&#10;&lt;head&gt;&#10;&lt;title&gt;Error&lt;/title&gt;&#10;&lt;style&gt;&#10;    body {&#10;        width: 35em;&#10;        margin: 0 auto;&#10;        font-family: Tahoma, Verdana, Arial, sans-serif;&#10;    }&#10;&lt;/style&gt;&#10;&lt;/head&gt;&#10;&lt;body&gt;&#10;&lt;h1&gt;An error occurred.&lt;/h1&gt;&#10;&lt;p&gt;Sorry, the page you are looking for is currently unavailable.&lt;br/&gt;&#10;Please try again later.&lt;/p&gt;&#10;&lt;p&gt;If you are the system administrator of this resource then you should check&#10;the &lt;a href=&quot;http://nginx.org/r/error_log&quot;&gt;error log&lt;/a&gt; for details.&lt;/p&gt;&#10;&lt;p&gt;&lt;em&gt;Faithfully yours, nginx.&lt;/em&gt;&lt;/p&gt;&#10;&lt;/body&gt;&#10;&lt;/html&gt;&#10;" type="com.alibaba.fastjson.JSONException"><![CDATA[com.alibaba.fastjson.JSONException: 
syntax error, pos 1, json : <!DOCTYPE html>
<html>
<head>
<title>Error</title>
<style>
    body {
        width: 35em;
        margin: 0 auto;
        font-family: Tahoma, Verdana, Arial, sans-serif;
    }
</style>
</head>
<body>
<h1>An error occurred.</h1>
<p>Sorry, the page you are looking for is currently unavailable.<br/>
Please try again later.</p>
<p>If you are the system administrator of this resource then you should check
the <a href="http://nginx.org/r/error_log">error log</a> for details.</p>
<p><em>Faithfully yours, nginx.</em></p>
</body>
</html>

	at com.tester.cases.DouyinLiteTest.get_user_info(DouyinLiteTest.java:115)
]]></failure>
  </testcase>
  <testcase name="get_user_post" classname="com.tester.cases.DouyinLiteTest" time="5.283"/>
  <testcase name="get_user_search" classname="com.tester.cases.DouyinLiteTest" time="4.532"/>
  <testcase name="get_video_comment_list" classname="com.tester.cases.DouyinLiteTest" time="2.855"/>
  <testcase name="get_video_detail" classname="com.tester.cases.DouyinLiteTest" time="100.072">
    <failure message="syntax error, pos 1, json : &lt;!DOCTYPE html&gt;&#10;&lt;html&gt;&#10;&lt;head&gt;&#10;&lt;title&gt;Error&lt;/title&gt;&#10;&lt;style&gt;&#10;    body {&#10;        width: 35em;&#10;        margin: 0 auto;&#10;        font-family: Tahoma, Verdana, Arial, sans-serif;&#10;    }&#10;&lt;/style&gt;&#10;&lt;/head&gt;&#10;&lt;body&gt;&#10;&lt;h1&gt;An error occurred.&lt;/h1&gt;&#10;&lt;p&gt;Sorry, the page you are looking for is currently unavailable.&lt;br/&gt;&#10;Please try again later.&lt;/p&gt;&#10;&lt;p&gt;If you are the system administrator of this resource then you should check&#10;the &lt;a href=&quot;http://nginx.org/r/error_log&quot;&gt;error log&lt;/a&gt; for details.&lt;/p&gt;&#10;&lt;p&gt;&lt;em&gt;Faithfully yours, nginx.&lt;/em&gt;&lt;/p&gt;&#10;&lt;/body&gt;&#10;&lt;/html&gt;&#10;" type="com.alibaba.fastjson.JSONException"><![CDATA[com.alibaba.fastjson.JSONException: 
syntax error, pos 1, json : <!DOCTYPE html>
<html>
<head>
<title>Error</title>
<style>
    body {
        width: 35em;
        margin: 0 auto;
        font-family: Tahoma, Verdana, Arial, sans-serif;
    }
</style>
</head>
<body>
<h1>An error occurred.</h1>
<p>Sorry, the page you are looking for is currently unavailable.<br/>
Please try again later.</p>
<p>If you are the system administrator of this resource then you should check
the <a href="http://nginx.org/r/error_log">error log</a> for details.</p>
<p><em>Faithfully yours, nginx.</em></p>
</body>
</html>

	at com.tester.cases.DouyinLiteTest.get_video_detail(DouyinLiteTest.java:536)
]]></failure>
  </testcase>
  <testcase name="get_video_search" classname="com.tester.cases.DouyinLiteTest" time="2.319"/>
  <testcase name="get_webcast_ranklist" classname="com.tester.cases.DouyinLiteTest" time="0.65"/>
  <testcase name="get_webcast_room_info" classname="com.tester.cases.DouyinLiteTest" time="0.443">
    <failure message="{&quot;start_time&quot;: 1581053580, &quot;code&quot;: -1, &quot;msg&quot;: &quot;失败&quot;, &quot;end_time&quot;: 1581053581}&#10;请求url：http://47.97.206.10/api/douyin_lite/get_webcast_room_info?room_id=6731613896211188484" type="java.lang.RuntimeException">java.lang.RuntimeException: 
{"start_time": 1581053580, "code": -1, "msg": "失败", "end_time": 1581053581}
请求url：http://47.97.206.10/api/douyin_lite/get_webcast_room_info?room_id=6731613896211188484
	at com.tester.cases.DouyinLiteTest.get_webcast_room_info(DouyinLiteTest.java:665)
</failure>
    <system-out><![CDATA[{"start_time": 1581053580, "code": -1, "msg": "失败", "end_time": 1581053581}
]]></system-out>
  </testcase>
  <testcase name="get_webcast_user_info" classname="com.tester.cases.DouyinLiteTest" time="0.887"/>
  <testcase name="get_aweme_comment" classname="com.tester.cases.DouyinAweTest" time="0.081">
    <failure message="syntax error, pos 1, json : &lt;!DOCTYPE HTML PUBLIC &quot;-//W3C//DTD HTML 3.2 Final//EN&quot;&gt;&#10;&lt;title&gt;500 Internal Server Error&lt;/title&gt;&#10;&lt;h1&gt;Internal Server Error&lt;/h1&gt;&#10;&lt;p&gt;The server encountered an internal error and was unable to complete your request.  Either the server is overloaded or there is an error in the application.&lt;/p&gt;&#10;" type="com.alibaba.fastjson.JSONException"><![CDATA[com.alibaba.fastjson.JSONException: 
syntax error, pos 1, json : <!DOCTYPE HTML PUBLIC "-//W3C//DTD HTML 3.2 Final//EN">
<title>500 Internal Server Error</title>
<h1>Internal Server Error</h1>
<p>The server encountered an internal error and was unable to complete your request.  Either the server is overloaded or there is an error in the application.</p>

	at com.tester.cases.DouyinAweTest.get_aweme_comment(DouyinAweTest.java:115)
]]></failure>
  </testcase>
  <testcase name="get_aweme_info" classname="com.tester.cases.DouyinAweTest" time="0.286">
    <failure message="{&quot;start_time&quot;: 1581053582, &quot;code&quot;: -1, &quot;msg&quot;: &quot;失败&quot;, &quot;end_time&quot;: 1581053582}&#10;请求url：http://47.97.206.10/api/douyin_awe/get_aweme_info?aweme_id=6729436911498267908" type="java.lang.RuntimeException">java.lang.RuntimeException: 
{"start_time": 1581053582, "code": -1, "msg": "失败", "end_time": 1581053582}
请求url：http://47.97.206.10/api/douyin_awe/get_aweme_info?aweme_id=6729436911498267908
	at com.tester.cases.DouyinAweTest.get_aweme_info(DouyinAweTest.java:153)
</failure>
    <system-out><![CDATA[{"start_time": 1581053582, "code": -1, "msg": "失败", "end_time": 1581053582}
]]></system-out>
  </testcase>
  <testcase name="get_aweme_list" classname="com.tester.cases.DouyinAweTest" time="91.426">
    <failure message="{&quot;start_time&quot;: 1581053582, &quot;code&quot;: -1, &quot;msg&quot;: &quot;失败，采集失败..&quot;, &quot;end_time&quot;: 1581053673}&#10;请求url：http://47.97.206.10/api/douyin_awe/get_aweme_list?sec_uid=MS4wLjABAAAAvcLIWOv1lqH4NrB1CM-rcPGIEmaI8z8_51rYmz00Apo&amp;cursor=0" type="java.lang.RuntimeException"><![CDATA[java.lang.RuntimeException: 
{"start_time": 1581053582, "code": -1, "msg": "失败，采集失败..", "end_time": 1581053673}
请求url：http://47.97.206.10/api/douyin_awe/get_aweme_list?sec_uid=MS4wLjABAAAAvcLIWOv1lqH4NrB1CM-rcPGIEmaI8z8_51rYmz00Apo&cursor=0
	at com.tester.cases.DouyinAweTest.get_aweme_list(DouyinAweTest.java:93)
]]></failure>
    <system-out><![CDATA[{"start_time": 1581053582, "code": -1, "msg": "失败，采集失败..", "end_time": 1581053673}
]]></system-out>
  </testcase>
  <testcase name="get_promotion_list" classname="com.tester.cases.DouyinAweTest" time="0.376"/>
  <testcase name="get_user_info" classname="com.tester.cases.DouyinAweTest" time="1.526">
    <failure message="{&quot;start_time&quot;: 1581053674, &quot;code&quot;: -1, &quot;msg&quot;: &quot;失败&quot;, &quot;end_time&quot;: 1581053675}&#10;请求url：http://47.97.206.10/api/douyin_awe/get_user_info?sec_uid=MS4wLjABAAAAvcLIWOv1lqH4NrB1CM-rcPGIEmaI8z8_51rYmz00Apo" type="java.lang.RuntimeException">java.lang.RuntimeException: 
{"start_time": 1581053674, "code": -1, "msg": "失败", "end_time": 1581053675}
请求url：http://47.97.206.10/api/douyin_awe/get_user_info?sec_uid=MS4wLjABAAAAvcLIWOv1lqH4NrB1CM-rcPGIEmaI8z8_51rYmz00Apo
	at com.tester.cases.DouyinAweTest.get_user_info(DouyinAweTest.java:32)
</failure>
    <system-out><![CDATA[{"start_time": 1581053674, "code": -1, "msg": "失败", "end_time": 1581053675}
]]></system-out>
  </testcase>
  <testcase name="user_info" classname="com.tester.cases.DouyinShareTest" time="0.512"/>
  <testcase name="user_video" classname="com.tester.cases.DouyinShareTest" time="1.468"/>
  <testcase name="crawlCommentsCounts" classname="com.tester.cases.JingDongTest" time="0.476"/>
  <testcase name="crawlPageByBrandName" classname="com.tester.cases.JingDongTest" time="0.093">
    <failure message="{&quot;start_time&quot;: 1581053678, &quot;code&quot;: -1, &quot;msg&quot;: &quot;失败请求返回了空结果&quot;, &quot;end_time&quot;: 1581053678}&#10;请求url：http://47.97.206.10/api/jd/crawlPageByBrandName?brandName=三星" type="java.lang.RuntimeException">java.lang.RuntimeException: 
{"start_time": 1581053678, "code": -1, "msg": "失败请求返回了空结果", "end_time": 1581053678}
请求url：http://47.97.206.10/api/jd/crawlPageByBrandName?brandName=三星
	at com.tester.cases.JingDongTest.crawlPageByBrandName(JingDongTest.java:63)
</failure>
    <system-out><![CDATA[{"start_time": 1581053678, "code": -1, "msg": "失败请求返回了空结果", "end_time": 1581053678}
]]></system-out>
  </testcase>
  <testcase name="crawlPageShopProducts" classname="com.tester.cases.JingDongTest" time="0.3"/>
  <testcase name="crawlShopDetails" classname="com.tester.cases.JingDongTest" time="0.125">
    <failure message="{&quot;start_time&quot;: 1581053678, &quot;code&quot;: -1, &quot;msg&quot;: &quot;失败请求返回了空结果&quot;, &quot;end_time&quot;: 1581053678}&#10;请求url：http://47.97.206.10/api/jd/crawlShopDetails?shop_list=[1000000925]" type="java.lang.RuntimeException">java.lang.RuntimeException: 
{"start_time": 1581053678, "code": -1, "msg": "失败请求返回了空结果", "end_time": 1581053678}
请求url：http://47.97.206.10/api/jd/crawlShopDetails?shop_list=[1000000925]
	at com.tester.cases.JingDongTest.crawlShopDetails(JingDongTest.java:153)
</failure>
    <system-out><![CDATA[{"start_time": 1581053678, "code": -1, "msg": "失败请求返回了空结果", "end_time": 1581053678}
]]></system-out>
  </testcase>
  <testcase name="crawlShopVenderId" classname="com.tester.cases.JingDongTest" time="0.289"/>
  <testcase name="crawlSkuComment" classname="com.tester.cases.JingDongTest" time="1.648"/>
  <testcase name="crawlSkuCommentAndCount" classname="com.tester.cases.JingDongTest" time="0.379"/>
  <testcase name="crawlSkuPrices" classname="com.tester.cases.JingDongTest" time="0.34"/>
  <testcase name="items" classname="com.tester.cases.JingDongCPSTest" time="1.072"/>
  <testcase name="shop_info" classname="com.tester.cases.JingDongCPSTest" time="1.288">
    <failure message="{&quot;code&quot;: -1, &quot;data&quot;: null, &quot;msg&quot;: &quot;jd_cps: 其他异常错误: Traceback (most recent call last):\n  File \&quot;./utils/deco.py\&quot;, line 37, in wrapper\n    return func(*args, **kwargs)\n  File \&quot;./spider/jd_cps/jd_cps_api.py\&quot;, line 139, in get_shop_info\n    r = self.request(&apos;GET&apos;, url, params=params, headers=headers)\n  File \&quot;./spider/jd_cps/jd_cps_api.py\&quot;, line 46, in request\n    raise Exception(f&apos;jd_cps请求重试超过最大次数: content:{content}, status_code:{status_code}&apos;)\nException: jd_cps请求重试超过最大次数: content:{\&quot;code\&quot;:402}, status_code:200\n&quot;, &quot;start_time&quot;: 1581053682, &quot;end_time&quot;: 1581053683}&#10;请求url：http://47.97.206.10/api/jd_cps/shop_info?shop_id=996822" type="java.lang.RuntimeException">java.lang.RuntimeException: 
{"code": -1, "data": null, "msg": "jd_cps: 其他异常错误: Traceback (most recent call last):\n  File \"./utils/deco.py\", line 37, in wrapper\n    return func(*args, **kwargs)\n  File \"./spider/jd_cps/jd_cps_api.py\", line 139, in get_shop_info\n    r = self.request('GET', url, params=params, headers=headers)\n  File \"./spider/jd_cps/jd_cps_api.py\", line 46, in request\n    raise Exception(f'jd_cps请求重试超过最大次数: content:{content}, status_code:{status_code}')\nException: jd_cps请求重试超过最大次数: content:{\"code\":402}, status_code:200\n", "start_time": 1581053682, "end_time": 1581053683}
请求url：http://47.97.206.10/api/jd_cps/shop_info?shop_id=996822
	at com.tester.cases.JingDongCPSTest.shop_info(JingDongCPSTest.java:93)
</failure>
    <system-out><![CDATA[{"code": -1, "data": null, "msg": "jd_cps: 其他异常错误: Traceback (most recent call last):\n  File \"./utils/deco.py\", line 37, in wrapper\n    return func(*args, **kwargs)\n  File \"./spider/jd_cps/jd_cps_api.py\", line 139, in get_shop_info\n    r = self.request('GET', url, params=params, headers=headers)\n  File \"./spider/jd_cps/jd_cps_api.py\", line 46, in request\n    raise Exception(f'jd_cps请求重试超过最大次数: content:{content}, status_code:{status_code}')\nException: jd_cps请求重试超过最大次数: content:{\"code\":402}, status_code:200\n", "start_time": 1581053682, "end_time": 1581053683}
]]></system-out>
  </testcase>
  <testcase name="shop_item" classname="com.tester.cases.JingDongCPSTest" time="3.42">
    <failure message="{&quot;code&quot;: -1, &quot;data&quot;: null, &quot;msg&quot;: &quot;jd_cps: 其他异常错误: Traceback (most recent call last):\n  File \&quot;./utils/deco.py\&quot;, line 37, in wrapper\n    return func(*args, **kwargs)\n  File \&quot;./spider/jd_cps/jd_cps_api.py\&quot;, line 154, in get_shop_item\n    r = self.request(&apos;GET&apos;, url, params=params, headers=headers)\n  File \&quot;./spider/jd_cps/jd_cps_api.py\&quot;, line 46, in request\n    raise Exception(f&apos;jd_cps请求重试超过最大次数: content:{content}, status_code:{status_code}&apos;)\nUnboundLocalError: local variable &apos;content&apos; referenced before assignment\n&quot;, &quot;start_time&quot;: 1581053683, &quot;end_time&quot;: 1581053687}&#10;请求url：http://47.97.206.10/api/jd_cps/shop_item?shop_id=996822&amp;page_no=1&amp;page_size=20" type="java.lang.RuntimeException"><![CDATA[java.lang.RuntimeException: 
{"code": -1, "data": null, "msg": "jd_cps: 其他异常错误: Traceback (most recent call last):\n  File \"./utils/deco.py\", line 37, in wrapper\n    return func(*args, **kwargs)\n  File \"./spider/jd_cps/jd_cps_api.py\", line 154, in get_shop_item\n    r = self.request('GET', url, params=params, headers=headers)\n  File \"./spider/jd_cps/jd_cps_api.py\", line 46, in request\n    raise Exception(f'jd_cps请求重试超过最大次数: content:{content}, status_code:{status_code}')\nUnboundLocalError: local variable 'content' referenced before assignment\n", "start_time": 1581053683, "end_time": 1581053687}
请求url：http://47.97.206.10/api/jd_cps/shop_item?shop_id=996822&page_no=1&page_size=20
	at com.tester.cases.JingDongCPSTest.shop_item(JingDongCPSTest.java:123)
]]></failure>
    <system-out><![CDATA[{"code": -1, "data": null, "msg": "jd_cps: 其他异常错误: Traceback (most recent call last):\n  File \"./utils/deco.py\", line 37, in wrapper\n    return func(*args, **kwargs)\n  File \"./spider/jd_cps/jd_cps_api.py\", line 154, in get_shop_item\n    r = self.request('GET', url, params=params, headers=headers)\n  File \"./spider/jd_cps/jd_cps_api.py\", line 46, in request\n    raise Exception(f'jd_cps请求重试超过最大次数: content:{content}, status_code:{status_code}')\nUnboundLocalError: local variable 'content' referenced before assignment\n", "start_time": 1581053683, "end_time": 1581053687}
]]></system-out>
  </testcase>
  <testcase name="shops" classname="com.tester.cases.JingDongCPSTest" time="2.019">
    <failure message="{&quot;code&quot;: -1, &quot;data&quot;: null, &quot;msg&quot;: &quot;jd_cps: 其他异常错误: Traceback (most recent call last):\n  File \&quot;./utils/deco.py\&quot;, line 37, in wrapper\n    return func(*args, **kwargs)\n  File \&quot;./spider/jd_cps/jd_cps_api.py\&quot;, line 127, in get_shops\n    r = self.request(&apos;POST&apos;, url, json=data, headers=headers)\n  File \&quot;./spider/jd_cps/jd_cps_api.py\&quot;, line 46, in request\n    raise Exception(f&apos;jd_cps请求重试超过最大次数: content:{content}, status_code:{status_code}&apos;)\nException: jd_cps请求重试超过最大次数: content:{\&quot;code\&quot;:402}, status_code:200\n&quot;, &quot;start_time&quot;: 1581053687, &quot;end_time&quot;: 1581053689}&#10;请求url：http://47.97.206.10/api/jd_cps/shops?page_no=1&amp;page_size=20" type="java.lang.RuntimeException"><![CDATA[java.lang.RuntimeException: 
{"code": -1, "data": null, "msg": "jd_cps: 其他异常错误: Traceback (most recent call last):\n  File \"./utils/deco.py\", line 37, in wrapper\n    return func(*args, **kwargs)\n  File \"./spider/jd_cps/jd_cps_api.py\", line 127, in get_shops\n    r = self.request('POST', url, json=data, headers=headers)\n  File \"./spider/jd_cps/jd_cps_api.py\", line 46, in request\n    raise Exception(f'jd_cps请求重试超过最大次数: content:{content}, status_code:{status_code}')\nException: jd_cps请求重试超过最大次数: content:{\"code\":402}, status_code:200\n", "start_time": 1581053687, "end_time": 1581053689}
请求url：http://47.97.206.10/api/jd_cps/shops?page_no=1&page_size=20
	at com.tester.cases.JingDongCPSTest.shops(JingDongCPSTest.java:63)
]]></failure>
    <system-out><![CDATA[{"code": -1, "data": null, "msg": "jd_cps: 其他异常错误: Traceback (most recent call last):\n  File \"./utils/deco.py\", line 37, in wrapper\n    return func(*args, **kwargs)\n  File \"./spider/jd_cps/jd_cps_api.py\", line 127, in get_shops\n    r = self.request('POST', url, json=data, headers=headers)\n  File \"./spider/jd_cps/jd_cps_api.py\", line 46, in request\n    raise Exception(f'jd_cps请求重试超过最大次数: content:{content}, status_code:{status_code}')\nException: jd_cps请求重试超过最大次数: content:{\"code\":402}, status_code:200\n", "start_time": 1581053687, "end_time": 1581053689}
]]></system-out>
  </testcase>
  <testcase name="call_nums" classname="com.tester.cases.KuaiShouTest" time="0.07"/>
  <testcase name="hot_feed" classname="com.tester.cases.KuaiShouTest" time="15.494">
    <failure message="{&quot;code&quot;: -1, &quot;data&quot;: null, &quot;msg&quot;: &quot;ks2: 其他异常错误: Traceback (most recent call last):\n  File \&quot;./utils/deco.py\&quot;, line 37, in wrapper\n    return func(*args, **kwargs)\n  File \&quot;./spider/ks_2/ks_api.py\&quot;, line 663, in get_hot_feed\n    return self.http_post(ks_url, form_params=form_params)\n  File \&quot;./spider/ks_2/ks_api.py\&quot;, line 220, in http_post\n    form_params.update(sign)\nTypeError: &apos;NoneType&apos; object is not iterable\n&quot;, &quot;start_time&quot;: 1581053689, &quot;end_time&quot;: 1581053704}&#10;请求url：http://47.97.206.10/api/ks_v2/hot_feed?page=1&amp;page_size=10" type="java.lang.RuntimeException"><![CDATA[java.lang.RuntimeException: 
{"code": -1, "data": null, "msg": "ks2: 其他异常错误: Traceback (most recent call last):\n  File \"./utils/deco.py\", line 37, in wrapper\n    return func(*args, **kwargs)\n  File \"./spider/ks_2/ks_api.py\", line 663, in get_hot_feed\n    return self.http_post(ks_url, form_params=form_params)\n  File \"./spider/ks_2/ks_api.py\", line 220, in http_post\n    form_params.update(sign)\nTypeError: 'NoneType' object is not iterable\n", "start_time": 1581053689, "end_time": 1581053704}
请求url：http://47.97.206.10/api/ks_v2/hot_feed?page=1&page_size=10
	at com.tester.cases.KuaiShouTest.hot_feed(KuaiShouTest.java:63)
]]></failure>
    <system-out><![CDATA[{"code": -1, "data": null, "msg": "ks2: 其他异常错误: Traceback (most recent call last):\n  File \"./utils/deco.py\", line 37, in wrapper\n    return func(*args, **kwargs)\n  File \"./spider/ks_2/ks_api.py\", line 663, in get_hot_feed\n    return self.http_post(ks_url, form_params=form_params)\n  File \"./spider/ks_2/ks_api.py\", line 220, in http_post\n    form_params.update(sign)\nTypeError: 'NoneType' object is not iterable\n", "start_time": 1581053689, "end_time": 1581053704}
]]></system-out>
  </testcase>
  <testcase name="nearby_feed" classname="com.tester.cases.KuaiShouTest" time="15.551">
    <failure message="{&quot;code&quot;: -1, &quot;data&quot;: null, &quot;msg&quot;: &quot;ks2: 其他异常错误: Traceback (most recent call last):\n  File \&quot;./utils/deco.py\&quot;, line 37, in wrapper\n    return func(*args, **kwargs)\n  File \&quot;./spider/ks_2/ks_api.py\&quot;, line 695, in get_nearby_feed\n    return self.http_post(ks_url, form_params=form_params)\n  File \&quot;./spider/ks_2/ks_api.py\&quot;, line 220, in http_post\n    form_params.update(sign)\nTypeError: &apos;NoneType&apos; object is not iterable\n&quot;, &quot;start_time&quot;: 1581053704, &quot;end_time&quot;: 1581053720}&#10;请求url：http://47.97.206.10/api/ks_v2/nearby_feed?page=1&amp;page_size=20&amp;lon=113.712143&amp;lat=34.593717" type="java.lang.RuntimeException"><![CDATA[java.lang.RuntimeException: 
{"code": -1, "data": null, "msg": "ks2: 其他异常错误: Traceback (most recent call last):\n  File \"./utils/deco.py\", line 37, in wrapper\n    return func(*args, **kwargs)\n  File \"./spider/ks_2/ks_api.py\", line 695, in get_nearby_feed\n    return self.http_post(ks_url, form_params=form_params)\n  File \"./spider/ks_2/ks_api.py\", line 220, in http_post\n    form_params.update(sign)\nTypeError: 'NoneType' object is not iterable\n", "start_time": 1581053704, "end_time": 1581053720}
请求url：http://47.97.206.10/api/ks_v2/nearby_feed?page=1&page_size=20&lon=113.712143&lat=34.593717
	at com.tester.cases.KuaiShouTest.nearby_feed(KuaiShouTest.java:93)
]]></failure>
    <system-out><![CDATA[{"code": -1, "data": null, "msg": "ks2: 其他异常错误: Traceback (most recent call last):\n  File \"./utils/deco.py\", line 37, in wrapper\n    return func(*args, **kwargs)\n  File \"./spider/ks_2/ks_api.py\", line 695, in get_nearby_feed\n    return self.http_post(ks_url, form_params=form_params)\n  File \"./spider/ks_2/ks_api.py\", line 220, in http_post\n    form_params.update(sign)\nTypeError: 'NoneType' object is not iterable\n", "start_time": 1581053704, "end_time": 1581053720}
]]></system-out>
  </testcase>
  <testcase name="product_list" classname="com.tester.cases.KuaiShouTest" time="0.613"/>
  <testcase name="share_video" classname="com.tester.cases.KuaiShouTest" time="15.669">
    <failure message="{&quot;code&quot;: -1, &quot;data&quot;: null, &quot;msg&quot;: &quot;ks2: 其他异常错误: Traceback (most recent call last):\n  File \&quot;./utils/deco.py\&quot;, line 37, in wrapper\n    return func(*args, **kwargs)\n  File \&quot;./spider/ks_2/ks_api.py\&quot;, line 787, in get_share_video_info\n    return self.http_post(ks_url, form_params=form_params)\n  File \&quot;./spider/ks_2/ks_api.py\&quot;, line 220, in http_post\n    form_params.update(sign)\nTypeError: &apos;NoneType&apos; object is not iterable\n&quot;, &quot;start_time&quot;: 1581053720, &quot;end_time&quot;: 1581053736}&#10;请求url：http://47.97.206.10/api/ks_v2/share_video?share_url=http://kphbeijing.m.chenzhongtech.com/s/Qsh970xL" type="java.lang.RuntimeException">java.lang.RuntimeException: 
{"code": -1, "data": null, "msg": "ks2: 其他异常错误: Traceback (most recent call last):\n  File \"./utils/deco.py\", line 37, in wrapper\n    return func(*args, **kwargs)\n  File \"./spider/ks_2/ks_api.py\", line 787, in get_share_video_info\n    return self.http_post(ks_url, form_params=form_params)\n  File \"./spider/ks_2/ks_api.py\", line 220, in http_post\n    form_params.update(sign)\nTypeError: 'NoneType' object is not iterable\n", "start_time": 1581053720, "end_time": 1581053736}
请求url：http://47.97.206.10/api/ks_v2/share_video?share_url=http://kphbeijing.m.chenzhongtech.com/s/Qsh970xL
	at com.tester.cases.KuaiShouTest.share_video(KuaiShouTest.java:243)
</failure>
    <system-out><![CDATA[{"code": -1, "data": null, "msg": "ks2: 其他异常错误: Traceback (most recent call last):\n  File \"./utils/deco.py\", line 37, in wrapper\n    return func(*args, **kwargs)\n  File \"./spider/ks_2/ks_api.py\", line 787, in get_share_video_info\n    return self.http_post(ks_url, form_params=form_params)\n  File \"./spider/ks_2/ks_api.py\", line 220, in http_post\n    form_params.update(sign)\nTypeError: 'NoneType' object is not iterable\n", "start_time": 1581053720, "end_time": 1581053736}
]]></system-out>
  </testcase>
  <testcase name="user_info" classname="com.tester.cases.KuaiShouTest" time="15.521">
    <failure message="{&quot;code&quot;: -1, &quot;data&quot;: null, &quot;msg&quot;: &quot;ks2: 其他异常错误: Traceback (most recent call last):\n  File \&quot;./utils/deco.py\&quot;, line 37, in wrapper\n    return func(*args, **kwargs)\n  File \&quot;./spider/ks_2/ks_api.py\&quot;, line 711, in get_user_profile\n    return self.http_post(ks_url, form_params=form_params)\n  File \&quot;./spider/ks_2/ks_api.py\&quot;, line 220, in http_post\n    form_params.update(sign)\nTypeError: &apos;NoneType&apos; object is not iterable\n&quot;, &quot;start_time&quot;: 1581053736, &quot;end_time&quot;: 1581053752}&#10;请求url：http://47.97.206.10/api/ks_v2/user_info?user_id=1391625066" type="java.lang.RuntimeException">java.lang.RuntimeException: 
{"code": -1, "data": null, "msg": "ks2: 其他异常错误: Traceback (most recent call last):\n  File \"./utils/deco.py\", line 37, in wrapper\n    return func(*args, **kwargs)\n  File \"./spider/ks_2/ks_api.py\", line 711, in get_user_profile\n    return self.http_post(ks_url, form_params=form_params)\n  File \"./spider/ks_2/ks_api.py\", line 220, in http_post\n    form_params.update(sign)\nTypeError: 'NoneType' object is not iterable\n", "start_time": 1581053736, "end_time": 1581053752}
请求url：http://47.97.206.10/api/ks_v2/user_info?user_id=1391625066
	at com.tester.cases.KuaiShouTest.user_info(KuaiShouTest.java:123)
</failure>
    <system-out><![CDATA[{"code": -1, "data": null, "msg": "ks2: 其他异常错误: Traceback (most recent call last):\n  File \"./utils/deco.py\", line 37, in wrapper\n    return func(*args, **kwargs)\n  File \"./spider/ks_2/ks_api.py\", line 711, in get_user_profile\n    return self.http_post(ks_url, form_params=form_params)\n  File \"./spider/ks_2/ks_api.py\", line 220, in http_post\n    form_params.update(sign)\nTypeError: 'NoneType' object is not iterable\n", "start_time": 1581053736, "end_time": 1581053752}
]]></system-out>
  </testcase>
  <testcase name="user_video" classname="com.tester.cases.KuaiShouTest" time="15.498">
    <failure message="{&quot;code&quot;: -1, &quot;data&quot;: null, &quot;msg&quot;: &quot;ks2: 其他异常错误: Traceback (most recent call last):\n  File \&quot;./utils/deco.py\&quot;, line 37, in wrapper\n    return func(*args, **kwargs)\n  File \&quot;./spider/ks_2/ks_api.py\&quot;, line 734, in get_user_feed\n    return self.http_post(ks_url, form_params=form_params)\n  File \&quot;./spider/ks_2/ks_api.py\&quot;, line 220, in http_post\n    form_params.update(sign)\nTypeError: &apos;NoneType&apos; object is not iterable\n&quot;, &quot;start_time&quot;: 1581053752, &quot;end_time&quot;: 1581053767}&#10;请求url：http://47.97.206.10/api/ks_v2/user_video?user_id=1391625066&amp;page_size=10" type="java.lang.RuntimeException"><![CDATA[java.lang.RuntimeException: 
{"code": -1, "data": null, "msg": "ks2: 其他异常错误: Traceback (most recent call last):\n  File \"./utils/deco.py\", line 37, in wrapper\n    return func(*args, **kwargs)\n  File \"./spider/ks_2/ks_api.py\", line 734, in get_user_feed\n    return self.http_post(ks_url, form_params=form_params)\n  File \"./spider/ks_2/ks_api.py\", line 220, in http_post\n    form_params.update(sign)\nTypeError: 'NoneType' object is not iterable\n", "start_time": 1581053752, "end_time": 1581053767}
请求url：http://47.97.206.10/api/ks_v2/user_video?user_id=1391625066&page_size=10
	at com.tester.cases.KuaiShouTest.user_video(KuaiShouTest.java:153)
]]></failure>
    <system-out><![CDATA[{"code": -1, "data": null, "msg": "ks2: 其他异常错误: Traceback (most recent call last):\n  File \"./utils/deco.py\", line 37, in wrapper\n    return func(*args, **kwargs)\n  File \"./spider/ks_2/ks_api.py\", line 734, in get_user_feed\n    return self.http_post(ks_url, form_params=form_params)\n  File \"./spider/ks_2/ks_api.py\", line 220, in http_post\n    form_params.update(sign)\nTypeError: 'NoneType' object is not iterable\n", "start_time": 1581053752, "end_time": 1581053767}
]]></system-out>
  </testcase>
  <testcase name="video_comment" classname="com.tester.cases.KuaiShouTest" time="0">
    <failure message="Illegal character in query at index 103: http://47.97.206.10/api/ks_v2/video_comment?user_id=191674858&amp;photo_id=5248945383907780546&amp;page_size=10&#10;" type="java.lang.IllegalArgumentException"><![CDATA[java.lang.IllegalArgumentException: 
Illegal character in query at index 103: http://47.97.206.10/api/ks_v2/video_comment?user_id=191674858&photo_id=5248945383907780546&page_size=10

	at com.tester.cases.KuaiShouTest.video_comment(KuaiShouTest.java:170)
Caused by: java.net.URISyntaxException: 
Illegal character in query at index 103: http://47.97.206.10/api/ks_v2/video_comment?user_id=191674858&photo_id=5248945383907780546&page_size=10

	at com.tester.cases.KuaiShouTest.video_comment(KuaiShouTest.java:170)
]]></failure>
  </testcase>
  <testcase name="video_detail" classname="com.tester.cases.KuaiShouTest" time="15.503">
    <failure message="{&quot;code&quot;: -1, &quot;data&quot;: null, &quot;msg&quot;: &quot;ks2: 其他异常错误: Traceback (most recent call last):\n  File \&quot;./utils/deco.py\&quot;, line 37, in wrapper\n    return func(*args, **kwargs)\n  File \&quot;./spider/ks_2/ks_api.py\&quot;, line 772, in get_video_info\n    return self.http_post(ks_url, form_params=form_params)\n  File \&quot;./spider/ks_2/ks_api.py\&quot;, line 220, in http_post\n    form_params.update(sign)\nTypeError: &apos;NoneType&apos; object is not iterable\n&quot;, &quot;start_time&quot;: 1581053767, &quot;end_time&quot;: 1581053783}&#10;请求url：http://47.97.206.10/api/ks_v2/video_detail?photo_id=5248945383907780546" type="java.lang.RuntimeException">java.lang.RuntimeException: 
{"code": -1, "data": null, "msg": "ks2: 其他异常错误: Traceback (most recent call last):\n  File \"./utils/deco.py\", line 37, in wrapper\n    return func(*args, **kwargs)\n  File \"./spider/ks_2/ks_api.py\", line 772, in get_video_info\n    return self.http_post(ks_url, form_params=form_params)\n  File \"./spider/ks_2/ks_api.py\", line 220, in http_post\n    form_params.update(sign)\nTypeError: 'NoneType' object is not iterable\n", "start_time": 1581053767, "end_time": 1581053783}
请求url：http://47.97.206.10/api/ks_v2/video_detail?photo_id=5248945383907780546
	at com.tester.cases.KuaiShouTest.video_detail(KuaiShouTest.java:213)
</failure>
    <system-out><![CDATA[{"code": -1, "data": null, "msg": "ks2: 其他异常错误: Traceback (most recent call last):\n  File \"./utils/deco.py\", line 37, in wrapper\n    return func(*args, **kwargs)\n  File \"./spider/ks_2/ks_api.py\", line 772, in get_video_info\n    return self.http_post(ks_url, form_params=form_params)\n  File \"./spider/ks_2/ks_api.py\", line 220, in http_post\n    form_params.update(sign)\nTypeError: 'NoneType' object is not iterable\n", "start_time": 1581053767, "end_time": 1581053783}
]]></system-out>
  </testcase>
</testsuite>