<?xml version="1.0" encoding="UTF-8"?>
<testsuite xmlns:xsi="http://www.w3.org/2001/XMLSchema-instance" xsi:noNamespaceSchemaLocation="https://maven.apache.org/surefire/maven-surefire-plugin/xsd/surefire-test-report.xsd" name="TestSuite" time="356.256" tests="151" errors="0" skipped="0" failures="0">
  <properties>
[...]
</properties>
  <testcase name="get_promotion_list on get_promotion_list(com.tester.cases.DouyinTest)" classname="com.tester.cases.DouyinTest" time="2.82"/>
  <testcase name="video_comment on video_comment(com.tester.cases.Douyinv1Test)" classname="com.tester.cases.Douyinv1Test" time="0.219"/>
  <testcase name="user_info on user_info(com.tester.cases.Douyinv1Test)" classname="com.tester.cases.Douyinv1Test" time="0.595"/>
  <testcase name="user_goods on user_goods(com.tester.cases.Douyinv1Test)" classname="com.tester.cases.Douyinv1Test" time="1.564"/>
  <testcase name="user_video on user_video(com.tester.cases.Douyinv1Test)" classname="com.tester.cases.Douyinv1Test" time="0.335"/>
  <testcase name="get_user_following_list on get_user_following_list(com.tester.cases.DouyinLiteTest)" classname="com.tester.cases.DouyinLiteTest" time="0.605"/>
  <testcase name="crawlShopVenderId on crawlShopVenderId(com.tester.cases.JingDongTest)" classname="com.tester.cases.JingDongTest" time="0.395"/>
  <testcase name="crawlShopDetails on crawlShopDetails(com.tester.cases.JingDongTest)" classname="com.tester.cases.JingDongTest" time="0.589"/>
  <testcase name="crawlSkuPrices on crawlSkuPrices(com.tester.cases.JingDongTest)" classname="com.tester.cases.JingDongTest" time="0.436"/>
  <testcase name="crawlCommentsCounts on crawlCommentsCounts(com.tester.cases.JingDongTest)" classname="com.tester.cases.JingDongTest" time="0.38"/>
  <testcase name="crawlPageByBrandName on crawlPageByBrandName(com.tester.cases.JingDongTest)" classname="com.tester.cases.JingDongTest" time="3.095"/>
  <testcase name="crawlSkuCommentAndCount on crawlSkuCommentAndCount(com.tester.cases.JingDongTest)" classname="com.tester.cases.JingDongTest" time="0.457"/>
  <testcase name="crawlSkuComment on crawlSkuComment(com.tester.cases.JingDongTest)" classname="com.tester.cases.JingDongTest" time="0.478"/>
  <testcase name="crawlPageShopProducts on crawlPageShopProducts(com.tester.cases.JingDongTest)" classname="com.tester.cases.JingDongTest" time="3.221"/>
  <testcase name="get_live_square_list on get_live_square_list(com.tester.cases.KuaiShouV1Test)" classname="com.tester.cases.KuaiShouV1Test" time="0.583"/>
  <testcase name="get_live_top_users on get_live_top_users(com.tester.cases.KuaiShouV1Test)" classname="com.tester.cases.KuaiShouV1Test" time="2.176"/>
  <testcase name="video_comment on video_comment(com.tester.cases.KuaiShouV1Test)" classname="com.tester.cases.KuaiShouV1Test" time="0.555"/>
  <testcase name="get_comm_list on get_comm_list(com.tester.cases.KuaiShouV1Test)" classname="com.tester.cases.KuaiShouV1Test" time="0.399"/>
  <testcase name="get_user_card_info on get_user_card_info(com.tester.cases.KuaiShouV1Test)" classname="com.tester.cases.KuaiShouV1Test" time="3.282"/>
  <testcase name="get_live_detail on get_live_detail(com.tester.cases.KuaiShouV1Test)" classname="com.tester.cases.KuaiShouV1Test" time="0.615"/>
  <testcase name="nearby_feed on nearby_feed(com.tester.cases.KuaiShouV1Test)" classname="com.tester.cases.KuaiShouV1Test" time="0.543"/>
  <testcase name="video_detail on video_detail(com.tester.cases.KuaiShouV1Test)" classname="com.tester.cases.KuaiShouV1Test" time="5.514"/>
  <testcase name="hot_feed on hot_feed(com.tester.cases.KuaiShouV1Test)" classname="com.tester.cases.KuaiShouV1Test" time="0.999"/>
  <testcase name="get_live_users on get_live_users(com.tester.cases.KuaiShouV1Test)" classname="com.tester.cases.KuaiShouV1Test" time="1.32"/>
  <testcase name="user_info on user_info(com.tester.cases.KuaiShouV1Test)" classname="com.tester.cases.KuaiShouV1Test" time="0.651"/>
  <testcase name="share_video on share_video(com.tester.cases.KuaiShouV1Test)" classname="com.tester.cases.KuaiShouV1Test" time="5.814"/>
  <testcase name="product_list on product_list(com.tester.cases.KuaiShouV1Test)" classname="com.tester.cases.KuaiShouV1Test" time="0.513"/>
  <testcase name="get_live_square_refresh on get_live_square_refresh(com.tester.cases.KuaiShouV1Test)" classname="com.tester.cases.KuaiShouV1Test" time="0.611"/>
  <testcase name="get_live_info on get_live_info(com.tester.cases.KuaiShouV1Test)" classname="com.tester.cases.KuaiShouV1Test" time="3.69"/>
  <testcase name="get_live_district_rank on get_live_district_rank(com.tester.cases.KuaiShouV1Test)" classname="com.tester.cases.KuaiShouV1Test" time="4.396"/>
  <testcase name="user_video on user_video(com.tester.cases.KuaiShouV1Test)" classname="com.tester.cases.KuaiShouV1Test" time="1.38"/>
  <testcase name="note_comments on note_comments(com.tester.cases.XHSv1Test)" classname="com.tester.cases.XHSv1Test" time="0.599"/>
  <testcase name="video_detail on video_detail(com.tester.cases.XHSv1Test)" classname="com.tester.cases.XHSv1Test" time="4.677"/>
  <testcase name="user_search on user_search(com.tester.cases.XHSv1Test)" classname="com.tester.cases.XHSv1Test" time="0.495"/>
  <testcase name="user_fans on user_fans(com.tester.cases.XHSv1Test)" classname="com.tester.cases.XHSv1Test" time="1.574"/>
  <testcase name="user_info on user_info(com.tester.cases.XHSv1Test)" classname="com.tester.cases.XHSv1Test" time="1.398"/>
  <testcase name="user_note on user_note(com.tester.cases.XHSv1Test)" classname="com.tester.cases.XHSv1Test" time="0.559"/>
  <testcase name="note_detail on note_detail(com.tester.cases.XHSv1Test)" classname="com.tester.cases.XHSv1Test" time="0.978"/>
  <testcase name="user_focus on user_focus(com.tester.cases.XHSv1Test)" classname="com.tester.cases.XHSv1Test" time="0.406"/>
  <testcase name="user_video on user_video(com.tester.cases.XHSv1Test)" classname="com.tester.cases.XHSv1Test" time="0.409"/>
  <testcase name="home_feed on home_feed(com.tester.cases.XHSv1Test)" classname="com.tester.cases.XHSv1Test" time="0.687"/>
  <testcase name="get_shop_items on get_shop_items(com.tester.cases.TBAPPTest)" classname="com.tester.cases.TBAPPTest" time="8.45"/>
  <testcase name="video_list on video_list(com.tester.cases.TBAPPTest)" classname="com.tester.cases.TBAPPTest" time="4.393"/>
  <testcase name="live_detail on live_detail(com.tester.cases.TBAPPTest)" classname="com.tester.cases.TBAPPTest" time="0.941"/>
  <testcase name="call_nums on call_nums(com.tester.cases.TBAPPTest)" classname="com.tester.cases.TBAPPTest" time="0.084"/>
  <testcase name="channel_info on channel_info(com.tester.cases.TBAPPTest)" classname="com.tester.cases.TBAPPTest" time="2.927"/>
  <testcase name="goods_list on goods_list(com.tester.cases.TBAPPTest)" classname="com.tester.cases.TBAPPTest" time="6.719"/>
  <testcase name="broadcaster_info on broadcaster_info(com.tester.cases.TBAPPTest)" classname="com.tester.cases.TBAPPTest" time="1.433"/>
  <testcase name="get_item_list on get_item_list(com.tester.cases.SumaitongTest)" classname="com.tester.cases.SumaitongTest" time="1.705"/>
  <testcase name="get_shop_item on get_shop_item(com.tester.cases.SumaitongTest)" classname="com.tester.cases.SumaitongTest" time="1.118"/>
  <testcase name="get_shop_feedback on get_shop_feedback(com.tester.cases.SumaitongTest)" classname="com.tester.cases.SumaitongTest" time="0.747"/>
  <testcase name="get_shop_info_h5 on get_shop_info_h5(com.tester.cases.SumaitongTest)" classname="com.tester.cases.SumaitongTest" time="6.234"/>
  <testcase name="get_shop_info_pc on get_shop_info_pc(com.tester.cases.SumaitongTest)" classname="com.tester.cases.SumaitongTest" time="0.597"/>
  <testcase name="get_item_detial_h5 on get_item_detial_h5(com.tester.cases.SumaitongTest)" classname="com.tester.cases.SumaitongTest" time="1.557"/>
  <testcase name="get_item_detial_pc on get_item_detial_pc(com.tester.cases.SumaitongTest)" classname="com.tester.cases.SumaitongTest" time="0.793"/>
  <testcase name="get_item_feedback on get_item_feedback(com.tester.cases.SumaitongTest)" classname="com.tester.cases.SumaitongTest" time="0.819"/>
  <testcase name="get_seller_info on get_seller_info(com.tester.cases.SumaitongTest)" classname="com.tester.cases.SumaitongTest" time="0.804"/>
  <testcase name="hot_recommend on hot_recommend(com.tester.cases.DouyinAweTest)" classname="com.tester.cases.DouyinAweTest" time="3.822"/>
  <testcase name="video_info on video_info(com.tester.cases.DouyinAweTest)" classname="com.tester.cases.DouyinAweTest" time="4.774"/>
  <testcase name="get_promotion_list on get_promotion_list(com.tester.cases.DouyinAweTest)" classname="com.tester.cases.DouyinAweTest" time="0.513"/>
  <testcase name="get_aweme_comment on get_aweme_comment(com.tester.cases.DouyinAweTest)" classname="com.tester.cases.DouyinAweTest" time="0.398"/>
  <testcase name="user_info on user_info(com.tester.cases.DouyinAweTest)" classname="com.tester.cases.DouyinAweTest" time="0.462"/>
  <testcase name="user_room on user_room(com.tester.cases.DouyinAweTest)" classname="com.tester.cases.DouyinAweTest" time="0.463"/>
  <testcase name="get_user_info on get_user_info(com.tester.cases.DouyinAweTest)" classname="com.tester.cases.DouyinAweTest" time="1.434"/>
  <testcase name="user_hot_video on user_hot_video(com.tester.cases.DouyinAweTest)" classname="com.tester.cases.DouyinAweTest" time="3.097"/>
  <testcase name="get_aweme_info on get_aweme_info(com.tester.cases.DouyinAweTest)" classname="com.tester.cases.DouyinAweTest" time="0.807"/>
  <testcase name="get_aweme_list on get_aweme_list(com.tester.cases.DouyinAweTest)" classname="com.tester.cases.DouyinAweTest" time="29.629"/>
  <testcase name="user_video on user_video(com.tester.cases.DouyinAweTest)" classname="com.tester.cases.DouyinAweTest" time="2.3"/>
  <testcase name="items on items(com.tester.cases.JingDongCPSTest)" classname="com.tester.cases.JingDongCPSTest" time="0.717"/>
  <testcase name="homepage_shops on homepage_shops(com.tester.cases.MeiTuanTest)" classname="com.tester.cases.MeiTuanTest" time="7.295"/>
  <testcase name="shop_comments on shop_comments(com.tester.cases.MeiTuanTest)" classname="com.tester.cases.MeiTuanTest" time="5.725"/>
  <testcase name="call_nums on call_nums(com.tester.cases.MeiTuanTest)" classname="com.tester.cases.MeiTuanTest" time="0.092"/>
  <testcase name="shop_foods on shop_foods(com.tester.cases.MeiTuanTest)" classname="com.tester.cases.MeiTuanTest" time="12.183"/>
  <testcase name="user_info on user_info(com.tester.cases.DouyinShareTest)" classname="com.tester.cases.DouyinShareTest" time="0.981"/>
  <testcase name="user_video on user_video(com.tester.cases.DouyinShareTest)" classname="com.tester.cases.DouyinShareTest" time="4.393"/>
  <testcase name="get_goods_detail on get_goods_detail(com.tester.cases.TBTest)" classname="com.tester.cases.TBTest" time="1.532"/>
  <testcase name="get_good_goods on get_good_goods(com.tester.cases.TBTest)" classname="com.tester.cases.TBTest" time="2.29"/>
  <testcase name="get_questions on get_questions(com.tester.cases.TBTest)" classname="com.tester.cases.TBTest" time="0.818"/>
  <testcase name="get_ask_tag on get_ask_tag(com.tester.cases.TBTest)" classname="com.tester.cases.TBTest" time="1.009"/>
  <testcase name="get_tb_comment on get_tb_comment(com.tester.cases.TBTest)" classname="com.tester.cases.TBTest" time="0.117"/>
  <testcase name="get_daren_feed on get_daren_feed(com.tester.cases.TBTest)" classname="com.tester.cases.TBTest" time="2.656"/>
  <testcase name="get_daren_info on get_daren_info(com.tester.cases.TBTest)" classname="com.tester.cases.TBTest" time="0.85"/>
  <testcase name="get_mall_similar_goods on get_mall_similar_goods(com.tester.cases.PddTest)" classname="com.tester.cases.PddTest" time="0.456"/>
  <testcase name="get_goods_detail on get_goods_detail(com.tester.cases.PddTest)" classname="com.tester.cases.PddTest" time="0.542"/>
  <testcase name="get_limited_seckill on get_limited_seckill(com.tester.cases.PddTest)" classname="com.tester.cases.PddTest" time="0.412"/>
  <testcase name="get_daily_good_mall on get_daily_good_mall(com.tester.cases.PddTest)" classname="com.tester.cases.PddTest" time="1.949"/>
  <testcase name="get_mall_info on get_mall_info(com.tester.cases.PddTest)" classname="com.tester.cases.PddTest" time="0.585"/>
  <testcase name="get_fenlei_goods on get_fenlei_goods(com.tester.cases.PddTest)" classname="com.tester.cases.PddTest" time="44.569"/>
  <testcase name="get_similar_goods on get_similar_goods(com.tester.cases.PddTest)" classname="com.tester.cases.PddTest" time="5.228"/>
  <testcase name="get_hot_goods on get_hot_goods(com.tester.cases.PddTest)" classname="com.tester.cases.PddTest" time="0.488"/>
  <testcase name="get_clearance_sale_goods on get_clearance_sale_goods(com.tester.cases.PddTest)" classname="com.tester.cases.PddTest" time="2.758"/>
  <testcase name="get_mall_most_goods on get_mall_most_goods(com.tester.cases.PddTest)" classname="com.tester.cases.PddTest" time="3.501"/>
  <testcase name="get_99_goods on get_99_goods(com.tester.cases.PddTest)" classname="com.tester.cases.PddTest" time="4.101"/>
  <testcase name="get_new_clothes_goods on get_new_clothes_goods(com.tester.cases.PddTest)" classname="com.tester.cases.PddTest" time="1.142"/>
  <testcase name="get_love_shopping_goods on get_love_shopping_goods(com.tester.cases.PddTest)" classname="com.tester.cases.PddTest" time="0.557"/>
  <testcase name="get_electrical_goods on get_electrical_goods(com.tester.cases.PddTest)" classname="com.tester.cases.PddTest" time="0.757"/>
  <testcase name="get_pdd_date on get_pdd_date(com.tester.cases.PddTest)" classname="com.tester.cases.PddTest" time="1.386"/>
  <testcase name="get_subsidy_goods on get_subsidy_goods(com.tester.cases.PddTest)" classname="com.tester.cases.PddTest" time="0.917"/>
  <testcase name="get_cat_id_list on get_cat_id_list(com.tester.cases.PddTest)" classname="com.tester.cases.PddTest" time="0.053"/>
  <testcase name="ice_shopping_tab on ice_shopping_tab(com.tester.cases.DuTest)" classname="com.tester.cases.DuTest" time="0.273"/>
  <testcase name="sold_list on sold_list(com.tester.cases.DuTest)" classname="com.tester.cases.DuTest" time="2.635"/>
  <testcase name="call_nums on call_nums(com.tester.cases.DuTest)" classname="com.tester.cases.DuTest" time="0.073"/>
  <testcase name="item_detail on item_detail(com.tester.cases.DuTest)" classname="com.tester.cases.DuTest" time="3.209"/>
  <testcase name="ice_shopping on ice_shopping(com.tester.cases.DuTest)" classname="com.tester.cases.DuTest" time="0.668"/>
  <testcase name="get_shop_items on get_shop_items(com.tester.cases.AlibabaTest)" classname="com.tester.cases.AlibabaTest" time="4.041"/>
  <testcase name="get_search_list on get_search_list(com.tester.cases.AlibabaTest)" classname="com.tester.cases.AlibabaTest" time="5.221"/>
  <testcase name="get_item_info_h5 on get_item_info_h5(com.tester.cases.AlibabaTest)" classname="com.tester.cases.AlibabaTest" time="0.925"/>
  <testcase name="get_comment_list on get_comment_list(com.tester.cases.AlibabaTest)" classname="com.tester.cases.AlibabaTest" time="1.179"/>
  <testcase name="get_product_info on get_product_info(com.tester.cases.AlibabaTest)" classname="com.tester.cases.AlibabaTest" time="0.025"/>
  <testcase name="get_cate_info on get_cate_info(com.tester.cases.AlibabaTest)" classname="com.tester.cases.AlibabaTest" time="3.339"/>
  <testcase name="item_list on item_list(com.tester.cases.KaoLaTest)" classname="com.tester.cases.KaoLaTest" time="0.889"/>
  <testcase name="shop_info on shop_info(com.tester.cases.KaoLaTest)" classname="com.tester.cases.KaoLaTest" time="0.605"/>
  <testcase name="shop_item on shop_item(com.tester.cases.KaoLaTest)" classname="com.tester.cases.KaoLaTest" time="0.613"/>
  <testcase name="item_detail on item_detail(com.tester.cases.KaoLaTest)" classname="com.tester.cases.KaoLaTest" time="1.156"/>
  <testcase name="leaf_cate on leaf_cate(com.tester.cases.KaoLaTest)" classname="com.tester.cases.KaoLaTest" time="1.061"/>
  <testcase name="item_comm on item_comm(com.tester.cases.XHSv2Test)" classname="com.tester.cases.XHSv2Test" time="1.868"/>
  <testcase name="item_info on item_info(com.tester.cases.XHSv2Test)" classname="com.tester.cases.XHSv2Test" time="0.322"/>
  <testcase name="shop_font on shop_font(com.tester.cases.XHSv2Test)" classname="com.tester.cases.XHSv2Test" time="0.211"/>
  <testcase name="shop_info on shop_info(com.tester.cases.XHSv2Test)" classname="com.tester.cases.XHSv2Test" time="0.277"/>
  <testcase name="item_price on item_price(com.tester.cases.XHSv2Test)" classname="com.tester.cases.XHSv2Test" time="0.582"/>
  <testcase name="note_comments on note_comments(com.tester.cases.XHSv2Test)" classname="com.tester.cases.XHSv2Test" time="4.441"/>
  <testcase name="call_nums on call_nums(com.tester.cases.XHSv2Test)" classname="com.tester.cases.XHSv2Test" time="0.103"/>
  <testcase name="shop_items on shop_items(com.tester.cases.XHSv2Test)" classname="com.tester.cases.XHSv2Test" time="0.249"/>
  <testcase name="channel_refresh on channel_refresh(com.tester.cases.XHSv2Test)" classname="com.tester.cases.XHSv2Test" time="0.446"/>
  <testcase name="video_detail on video_detail(com.tester.cases.XHSv2Test)" classname="com.tester.cases.XHSv2Test" time="2.767"/>
  <testcase name="item_search on item_search(com.tester.cases.XHSv2Test)" classname="com.tester.cases.XHSv2Test" time="0.412"/>
  <testcase name="user_search on user_search(com.tester.cases.XHSv2Test)" classname="com.tester.cases.XHSv2Test" time="2.574"/>
  <testcase name="topic_notes on topic_notes(com.tester.cases.XHSv2Test)" classname="com.tester.cases.XHSv2Test" time="0.078"/>
  <testcase name="user_fans on user_fans(com.tester.cases.XHSv2Test)" classname="com.tester.cases.XHSv2Test" time="5.244"/>
  <testcase name="user_info on user_info(com.tester.cases.XHSv2Test)" classname="com.tester.cases.XHSv2Test" time="0.866"/>
  <testcase name="user_note on user_note(com.tester.cases.XHSv2Test)" classname="com.tester.cases.XHSv2Test" time="2.739"/>
  <testcase name="note_detail on note_detail(com.tester.cases.XHSv2Test)" classname="com.tester.cases.XHSv2Test" time="0.721"/>
  <testcase name="user_focus on user_focus(com.tester.cases.XHSv2Test)" classname="com.tester.cases.XHSv2Test" time="3.525"/>
  <testcase name="user_video on user_video(com.tester.cases.XHSv2Test)" classname="com.tester.cases.XHSv2Test" time="1.141"/>
  <testcase name="note_search on note_search(com.tester.cases.XHSv2Test)" classname="com.tester.cases.XHSv2Test" time="0.598"/>
  <testcase name="home_feed on home_feed(com.tester.cases.XHSv2Test)" classname="com.tester.cases.XHSv2Test" time="0.951"/>
  <testcase name="get_live_square_list on get_live_square_list(com.tester.cases.KuaiShouV2Test)" classname="com.tester.cases.KuaiShouV2Test" time="3.928"/>
  <testcase name="get_live_top_users on get_live_top_users(com.tester.cases.KuaiShouV2Test)" classname="com.tester.cases.KuaiShouV2Test" time="1.618"/>
  <testcase name="video_comment on video_comment(com.tester.cases.KuaiShouV2Test)" classname="com.tester.cases.KuaiShouV2Test" time="0.645"/>
  <testcase name="call_nums on call_nums(com.tester.cases.KuaiShouV2Test)" classname="com.tester.cases.KuaiShouV2Test" time="0.184"/>
  <testcase name="nearby_feed on nearby_feed(com.tester.cases.KuaiShouV2Test)" classname="com.tester.cases.KuaiShouV2Test" time="5.81"/>
  <testcase name="video_detail on video_detail(com.tester.cases.KuaiShouV2Test)" classname="com.tester.cases.KuaiShouV2Test" time="9.184"/>
  <testcase name="hot_feed on hot_feed(com.tester.cases.KuaiShouV2Test)" classname="com.tester.cases.KuaiShouV2Test" time="1.594"/>
  <testcase name="get_live_users on get_live_users(com.tester.cases.KuaiShouV2Test)" classname="com.tester.cases.KuaiShouV2Test" time="1.418"/>
  <testcase name="user_info on user_info(com.tester.cases.KuaiShouV2Test)" classname="com.tester.cases.KuaiShouV2Test" time="0.836"/>
  <testcase name="share_video on share_video(com.tester.cases.KuaiShouV2Test)" classname="com.tester.cases.KuaiShouV2Test" time="5.337"/>
  <testcase name="product_list on product_list(com.tester.cases.KuaiShouV2Test)" classname="com.tester.cases.KuaiShouV2Test" time="0.464"/>
  <testcase name="get_live_square_refresh on get_live_square_refresh(com.tester.cases.KuaiShouV2Test)" classname="com.tester.cases.KuaiShouV2Test" time="1.285"/>
  <testcase name="get_live_info on get_live_info(com.tester.cases.KuaiShouV2Test)" classname="com.tester.cases.KuaiShouV2Test" time="3.017"/>
  <testcase name="get_live_district_rank on get_live_district_rank(com.tester.cases.KuaiShouV2Test)" classname="com.tester.cases.KuaiShouV2Test" time="2.829"/>
  <testcase name="user_video on user_video(com.tester.cases.KuaiShouV2Test)" classname="com.tester.cases.KuaiShouV2Test" time="1.206"/>
</testsuite>