<?xml version="1.0" encoding="UTF-8"?>
<!-- Generated by org.testng.reporters.JUnitReportReporter -->
<testsuite ignored="0" hostname="yaokaideMacBook-Pro.local" failures="0" tests="11" name="com.tester.cases.DouyinAweTest" time="187.181" errors="0" timestamp="28 4月 2020 01:30:14 GMT" skipped="0">
  <testcase classname="com.tester.cases.DouyinAweTest" name="user_hot_video" time="14.968"/>
  <testcase classname="com.tester.cases.DouyinAweTest" name="get_aweme_info" time="15.765"/>
  <testcase classname="com.tester.cases.DouyinAweTest" name="video_info" time="8.601"/>
  <testcase classname="com.tester.cases.DouyinAweTest" name="user_info" time="9.974"/>
  <testcase classname="com.tester.cases.DouyinAweTest" name="user_video" time="47.706"/>
  <testcase classname="com.tester.cases.DouyinAweTest" name="user_room" time="10.437"/>
  <testcase classname="com.tester.cases.DouyinAweTest" name="get_aweme_comment" time="9.513"/>
  <testcase classname="com.tester.cases.DouyinAweTest" name="get_user_info" time="11.871"/>
  <testcase classname="com.tester.cases.DouyinAweTest" name="hot_recommend" time="3.826"/>
  <testcase classname="com.tester.cases.DouyinAweTest" name="get_aweme_list" time="45.405"/>
  <testcase classname="com.tester.cases.DouyinAweTest" name="get_promotion_list" time="9.115"/>
</testsuite> <!-- com.tester.cases.DouyinAweTest -->
