<?xml version="1.0" encoding="UTF-8"?>
<!-- Generated by org.testng.reporters.JUnitReportReporter -->
<testsuite ignored="0" hostname="yaokaideMacBook-Pro.local" failures="0" tests="2" name="com.tester.cases.DouyinShareTest" time="6.360" errors="0" timestamp="28 4月 2020 01:30:14 GMT" skipped="0">
  <testcase classname="com.tester.cases.DouyinShareTest" name="user_info" time="0.983"/>
  <testcase classname="com.tester.cases.DouyinShareTest" name="user_video" time="5.377"/>
</testsuite> <!-- com.tester.cases.DouyinShareTest -->
