<?xml version="1.0" encoding="UTF-8"?>
<!-- Generated by org.testng.reporters.JUnitReportReporter -->
<testsuite ignored="0" hostname="yaokaideMacBook-Pro.local" failures="0" tests="4" name="com.tester.cases.MeiTuanTest" time="58.736" errors="0" timestamp="28 4月 2020 01:30:14 GMT" skipped="0">
  <testcase classname="com.tester.cases.MeiTuanTest" name="shop_comments" time="13.023"/>
  <testcase classname="com.tester.cases.MeiTuanTest" name="call_nums" time="13.115"/>
  <testcase classname="com.tester.cases.MeiTuanTest" name="homepage_shops" time="7.299"/>
  <testcase classname="com.tester.cases.MeiTuanTest" name="shop_foods" time="25.299"/>
</testsuite> <!-- com.tester.cases.MeiTuanTest -->
