<?xml version="1.0" encoding="UTF-8"?>
<!-- Generated by org.testng.reporters.JUnitReportReporter -->
<testsuite ignored="0" hostname="yaokaideMacBook-Pro.local" failures="0" tests="7" name="com.tester.cases.TBTest" time="39.136" errors="0" timestamp="28 4月 2020 01:30:14 GMT" skipped="0">
  <testcase classname="com.tester.cases.TBTest" name="get_goods_detail" time="1.535"/>
  <testcase classname="com.tester.cases.TBTest" name="get_questions" time="4.644"/>
  <testcase classname="com.tester.cases.TBTest" name="get_daren_feed" time="8.428"/>
  <testcase classname="com.tester.cases.TBTest" name="get_ask_tag" time="5.653"/>
  <testcase classname="com.tester.cases.TBTest" name="get_good_goods" time="3.826"/>
  <testcase classname="com.tester.cases.TBTest" name="get_tb_comment" time="5.771"/>
  <testcase classname="com.tester.cases.TBTest" name="get_daren_info" time="9.279"/>
</testsuite> <!-- com.tester.cases.TBTest -->
